2020-07-20 21:31:14,800 - DEBUG - [USER_ID] None ----- [HOME_PAGE]
2020-07-20 21:31:19,235 - DEBUG - [USER_ID] 1 ----- [CATEGORIES]
2020-07-20 21:31:40,685 - DEBUG - [USER_ID] 1 ----- [CATEGORIES]
2020-07-20 21:31:54,611 - DEBUG - [USER_ID] 1 ----- [CATEGORIES]
2020-07-20 21:31:57,713 - DEBUG - [USER_ID] 1 ----- [CATEGORIES]
2020-07-20 21:32:15,926 - DEBUG - [USER_ID] 1 ----- [CATEGORIES]
2020-07-20 21:32:25,881 - DEBUG - [USER_ID] 1 ----- [HOME_PAGE]
2020-07-20 21:34:04,096 - DEBUG - [USER_ID] 1 ----- [HOME_PAGE]
2020-07-20 21:34:06,975 - DEBUG - [USER_ID] 1 ----- [LOGOUT]
2020-07-20 21:34:06,982 - DEBUG - [USER_ID] None ----- [CATEGORIES]
2020-07-20 21:41:43,811 - DEBUG - [USER_ID] None ----- [CATEGORIES]
2020-07-20 21:43:58,399 - DEBUG - [USER_ID] None ----- [CATEGORIES]
2020-07-20 21:46:09,685 - DEBUG - [USER_ID] None ----- [CATEGORIES]
2020-07-20 21:47:18,619 - DEBUG - [USER_ID] None ----- [CATEGORIES]
2020-07-20 21:47:28,711 - DEBUG - [USER_ID] 1 ----- [CATEGORIES]
2020-07-20 21:47:43,510 - DEBUG - [USER_ID] 1 ----- [CATEGORIES]
2020-07-20 21:48:08,845 - DEBUG - [USER_ID] 1 ----- [CATEGORIES]
2020-07-20 21:48:37,693 - DEBUG - [USER_ID] 1 ----- [CATEGORIES]
2020-07-20 21:48:48,241 - DEBUG - [USER_ID] 1 ----- [HOME_PAGE]
2020-07-20 21:50:53,156 - DEBUG - [USER_ID] 1 ----- [HOME_PAGE]
2020-07-20 21:51:25,193 - DEBUG - [USER_ID] 1 ----- [HOME_PAGE]
2020-07-20 21:51:26,329 - DEBUG - [USER_ID] 1 ----- [HOME_PAGE]
2020-07-20 21:51:27,527 - DEBUG - [USER_ID] 1 ----- [HOME_PAGE]
2020-07-20 21:51:42,668 - DEBUG - [USER_ID] 1 ----- [HOME_PAGE]
2020-07-20 21:51:43,805 - DEBUG - [USER_ID] 1 ----- [HOME_PAGE]
2020-07-20 21:52:10,595 - DEBUG - [USER_ID] 1 ----- [HOME_PAGE]
2020-07-20 21:53:19,288 - DEBUG - [USER_ID] 1 ----- [HOME_PAGE]
2020-07-20 21:53:41,883 - DEBUG - [USER_ID] 1 ----- [HOME_PAGE]
2020-07-20 21:53:55,669 - DEBUG - [USER_ID] 1 ----- [HOME_PAGE]
2020-07-20 21:54:31,491 - DEBUG - [USER_ID] 1 ----- [HOME_PAGE]
2020-07-20 21:54:35,539 - DEBUG - [USER_ID] 1 ----- [LOGOUT]
2020-07-20 21:54:35,547 - DEBUG - [USER_ID] None ----- [CATEGORIES]
2020-07-20 21:55:59,151 - DEBUG - [USER_ID] None ----- [CATEGORIES]
2020-07-20 21:56:03,464 - DEBUG - [USER_ID] 1 ----- [CATEGORIES]
2020-07-20 21:56:08,257 - DEBUG - [USER_ID] 1 ----- [LOGOUT]
2020-07-20 21:56:08,266 - DEBUG - [USER_ID] None ----- [CATEGORIES]
2020-07-20 21:56:11,792 - DEBUG - [USER_ID] 1 ----- [CATEGORIES]
2020-07-20 21:57:09,768 - DEBUG - [USER_ID] 1 ----- [CATEGORIES]
2020-07-20 21:57:37,704 - DEBUG - [USER_ID] 1 ----- [CATEGORIES]
2020-07-20 21:57:42,426 - DEBUG - [USER_ID] 1 ----- [LOGOUT]
2020-07-20 21:57:42,435 - DEBUG - [USER_ID] None ----- [CATEGORIES]
2020-07-20 21:57:46,172 - DEBUG - [USER_ID] 1 ----- [CATEGORIES]
2020-07-20 21:58:43,368 - DEBUG - [USER_ID] 1 ----- [CATEGORIES]
2020-07-20 21:59:00,861 - DEBUG - [USER_ID] 1 ----- [CATEGORIES]
2020-07-20 21:59:39,165 - DEBUG - [USER_ID] 1 ----- [CATEGORIES]
2020-07-20 22:02:32,238 - DEBUG - [USER_ID] 1 ----- [CATEGORIES]
2020-07-20 22:02:38,637 - DEBUG - [USER_ID] 1 ----- [LOGOUT]
2020-07-20 22:02:38,645 - DEBUG - [USER_ID] None ----- [CATEGORIES]
2020-07-20 22:02:45,825 - DEBUG - [USER_ID] 1 ----- [CATEGORIES]
2020-07-20 22:03:17,800 - DEBUG - [USER_ID] 1 ----- [CATEGORIES]
2020-07-20 22:03:20,173 - DEBUG - [USER_ID] 1 ----- [LOGOUT]
2020-07-20 22:03:20,183 - DEBUG - [USER_ID] None ----- [CATEGORIES]
2020-07-20 22:03:26,947 - DEBUG - [USER_ID] 1 ----- [CATEGORIES]
2020-07-20 22:03:45,437 - DEBUG - [USER_ID] 1 ----- [LOGOUT]
2020-07-20 22:03:45,444 - DEBUG - [USER_ID] None ----- [CATEGORIES]
2020-07-20 22:03:52,402 - DEBUG - [USER_ID] 1 ----- [CATEGORIES]
2020-07-20 22:08:53,995 - DEBUG - [USER_ID] 1 ----- [CATEGORIES]
2020-07-20 22:09:00,110 - DEBUG - [USER_ID] 1 ----- [LOGOUT]
2020-07-20 22:09:00,120 - DEBUG - [USER_ID] None ----- [CATEGORIES]
2020-07-20 22:09:03,675 - DEBUG - [USER_ID] 1 ----- [CATEGORIES]
2020-07-20 22:10:59,118 - DEBUG - [USER_ID] 1 ----- [CATEGORIES]
2020-07-20 22:11:19,978 - DEBUG - [USER_ID] 1 ----- [CATEGORIES]
2020-07-20 22:12:05,649 - DEBUG - [USER_ID] 1 ----- [CATEGORIES]
2020-07-20 22:12:48,410 - DEBUG - [USER_ID] 1 ----- [CATEGORIES]
2020-07-20 22:12:49,552 - DEBUG - [USER_ID] 1 ----- [CATEGORIES]
2020-07-20 22:12:50,484 - DEBUG - [USER_ID] 1 ----- [CATEGORIES]
2020-07-20 22:13:42,568 - DEBUG - [USER_ID] 1 ----- [CATEGORIES]
2020-07-20 22:13:47,930 - DEBUG - [USER_ID] 1 ----- [LOGOUT]
2020-07-20 22:13:47,939 - DEBUG - [USER_ID] None ----- [CATEGORIES]
2020-07-20 22:14:13,696 - DEBUG - [USER_ID] 1 ----- [CATEGORIES]
2020-07-20 22:17:50,574 - DEBUG - [USER_ID] 1 ----- [CATEGORIES]
2020-07-20 22:19:31,811 - DEBUG - [USER_ID] 1 ----- [CATEGORIES]
2020-07-20 22:21:12,692 - DEBUG - [USER_ID] 1 ----- [CATEGORIES]
2020-07-20 22:21:36,181 - DEBUG - [USER_ID] 1 ----- [CATEGORIES]
2020-07-20 22:22:25,013 - DEBUG - [USER_ID] 1 ----- [CATEGORIES]
2020-07-20 22:23:08,633 - DEBUG - [USER_ID] 1 ----- [CATEGORIES]
2020-07-20 22:23:31,748 - DEBUG - [USER_ID] 1 ----- [CATEGORIES]
2020-07-20 22:24:21,141 - DEBUG - [USER_ID] 1 ----- [CATEGORIES]
2020-07-20 22:28:19,539 - DEBUG - [USER_ID] 1 ----- [CATEGORIES]
2020-07-20 22:31:25,228 - DEBUG - [USER_ID] 1 ----- [CATEGORIES]
2020-07-20 22:31:43,804 - DEBUG - [USER_ID] 1 ----- [CATEGORIES]
2020-07-20 22:34:35,656 - DEBUG - [USER_ID] 1 ----- [CATEGORIES]
2020-07-20 22:36:12,703 - DEBUG - [USER_ID] 1 ----- [CATEGORIES]
2020-07-20 22:40:41,990 - DEBUG - [USER_ID] 1 ----- [CATEGORIES]
2020-07-20 22:41:07,392 - DEBUG - [USER_ID] 1 ----- [CATEGORIES]
2020-07-20 22:42:22,249 - DEBUG - [USER_ID] 1 ----- [CATEGORIES]
2020-07-20 22:44:17,661 - DEBUG - [USER_ID] 1 ----- [CATEGORIES]
2020-07-20 22:46:44,318 - DEBUG - [USER_ID] 1 ----- [CATEGORIES]
2020-07-20 22:52:00,611 - DEBUG - [USER_ID] 1 ----- [CATEGORIES]
2020-07-20 22:55:05,570 - DEBUG - [USER_ID] 1 ----- [CATEGORIES]
2020-07-20 22:57:12,533 - DEBUG - [USER_ID] 1 ----- [CATEGORIES]
2020-07-20 22:59:26,915 - DEBUG - [USER_ID] 1 ----- [CATEGORIES]
2020-07-20 23:07:07,206 - DEBUG - [USER_ID] 1 ----- [CATEGORIES]
2020-07-20 23:07:42,414 - DEBUG - [USER_ID] 1 ----- [CATEGORIES]
2020-07-20 23:08:12,097 - DEBUG - [USER_ID] 1 ----- [CATEGORIES]
2020-07-20 23:08:23,074 - DEBUG - [USER_ID] 1 ----- [CATEGORIES]
2020-07-20 23:08:46,231 - DEBUG - [USER_ID] 1 ----- [CATEGORIES]
2020-07-20 23:08:48,175 - DEBUG - [USER_ID] 1 ----- [CATEGORIES]
2020-07-20 23:09:11,467 - DEBUG - [USER_ID] 1 ----- [CATEGORIES]
2020-07-20 23:13:47,528 - DEBUG - [USER_ID] 1 ----- [CATEGORIES]
2020-07-20 23:14:52,164 - DEBUG - [USER_ID] 1 ----- [CATEGORIES]
2020-07-20 23:15:52,012 - DEBUG - [USER_ID] 1 ----- [CATEGORIES]
2020-07-20 23:16:13,094 - DEBUG - [USER_ID] 1 ----- [HOME_PAGE]
2020-07-20 23:16:15,724 - DEBUG - [USER_ID] 1 ----- [CATEGORIES]
2020-07-20 23:16:34,367 - DEBUG - [USER_ID] 1 ----- [LOGOUT]
2020-07-20 23:16:34,377 - DEBUG - [USER_ID] None ----- [CATEGORIES]
2020-07-20 23:16:38,968 - DEBUG - [USER_ID] 1 ----- [CATEGORIES]
2020-07-20 23:17:08,621 - DEBUG - [USER_ID] 1 ----- [CATEGORIES]
2020-07-20 23:18:21,512 - DEBUG - [USER_ID] 1 ----- [CATEGORIES]
2020-07-20 23:20:42,042 - DEBUG - [USER_ID] 1 ----- [CATEGORIES]
2020-07-20 23:20:44,004 - DEBUG - [USER_ID] 1 ----- [LOGOUT]
2020-07-20 23:20:44,014 - DEBUG - [USER_ID] None ----- [CATEGORIES]
2020-07-20 23:20:48,748 - DEBUG - [USER_ID] 1 ----- [CATEGORIES]
2020-07-20 23:21:24,309 - DEBUG - [USER_ID] 1 ----- [CATEGORIES]
2020-07-20 23:21:27,102 - DEBUG - [USER_ID] 1 ----- [LOGOUT]
2020-07-20 23:21:27,111 - DEBUG - [USER_ID] None ----- [CATEGORIES]
2020-07-20 23:21:31,444 - DEBUG - [USER_ID] 1 ----- [CATEGORIES]
2020-07-20 23:23:39,949 - DEBUG - [USER_ID] 1 ----- [CATEGORIES]
2020-07-20 23:24:32,788 - DEBUG - [USER_ID] 1 ----- [CATEGORIES]
2020-07-20 23:24:48,451 - DEBUG - [USER_ID] 1 ----- [CATEGORIES]
2020-07-20 23:26:24,845 - DEBUG - [USER_ID] 1 ----- [CATEGORIES]
2020-07-20 23:26:28,222 - DEBUG - [USER_ID] 1 ----- [LOGOUT]
2020-07-20 23:26:28,232 - DEBUG - [USER_ID] None ----- [CATEGORIES]
2020-07-20 23:26:31,377 - DEBUG - [USER_ID] 1 ----- [CATEGORIES]
2020-07-20 23:26:55,360 - DEBUG - [USER_ID] 1 ----- [CATEGORIES]
2020-07-20 23:28:28,311 - DEBUG - [USER_ID] 1 ----- [CATEGORIES]
2020-07-20 23:30:04,196 - DEBUG - [USER_ID] 1 ----- [CATEGORIES]
2020-07-20 23:31:40,493 - DEBUG - [USER_ID] 1 ----- [CATEGORIES]
2020-07-20 23:31:43,346 - DEBUG - [USER_ID] 1 ----- [LOGOUT]
2020-07-20 23:31:43,356 - DEBUG - [USER_ID] None ----- [CATEGORIES]
2020-07-20 23:31:55,935 - DEBUG - [USER_ID] None ----- [CATEGORIES]
2020-07-20 23:32:00,202 - DEBUG - [USER_ID] 1 ----- [CATEGORIES]
2020-07-20 23:34:24,233 - DEBUG - [USER_ID] 1 ----- [CATEGORIES]
2020-07-20 23:34:29,715 - DEBUG - [USER_ID] 1 ----- [LOGOUT]
2020-07-20 23:34:29,723 - DEBUG - [USER_ID] None ----- [CATEGORIES]
2020-07-20 23:34:33,402 - DEBUG - [USER_ID] 1 ----- [CATEGORIES]
2020-07-20 23:51:01,691 - DEBUG - [USER_ID] 1 ----- [HOME_PAGE]
2020-07-20 23:53:41,201 - DEBUG - [USER_ID] 1 ----- [HOME_PAGE]
2020-07-20 23:54:16,294 - DEBUG - [USER_ID] 1 ----- [HOME_PAGE]
2020-07-20 23:54:49,680 - DEBUG - [USER_ID] 1 ----- [HOME_PAGE]
2020-07-20 23:55:02,524 - DEBUG - [USER_ID] 1 ----- [HOME_PAGE]
2020-07-20 23:56:38,977 - DEBUG - [USER_ID] 1 ----- [HOME_PAGE]
2020-07-20 23:57:28,615 - DEBUG - [USER_ID] 1 ----- [HOME_PAGE]
2020-07-20 23:59:45,167 - DEBUG - [USER_ID] 1 ----- [HOME_PAGE]
2020-07-20 23:59:57,926 - DEBUG - [USER_ID] 1 ----- [HOME_PAGE]
2020-07-21 00:00:11,517 - DEBUG - [USER_ID] 1 ----- [HOME_PAGE]
2020-07-21 00:02:30,016 - DEBUG - [USER_ID] 1 ----- [HOME_PAGE]
2020-07-21 00:06:37,664 - DEBUG - [USER_ID] 1 ----- [HOME_PAGE]
2020-07-21 00:06:46,368 - DEBUG - [USER_ID] 1 ----- [LOGOUT]
2020-07-21 00:06:46,378 - DEBUG - [USER_ID] None ----- [CATEGORIES]
2020-07-21 00:06:58,778 - DEBUG - [USER_ID] 1 ----- [CATEGORIES]
2020-07-21 00:07:06,876 - DEBUG - [USER_ID] 1 ----- [CATEGORIES]
2020-07-21 00:08:20,339 - DEBUG - [USER_ID] 1 ----- [CATEGORIES]
2020-07-21 00:08:24,154 - DEBUG - [USER_ID] 1 ----- [LOGOUT]
2020-07-21 00:08:24,166 - DEBUG - [USER_ID] None ----- [CATEGORIES]
2020-07-21 00:08:30,199 - DEBUG - [USER_ID] 1 ----- [CATEGORIES]
2020-07-21 00:09:11,346 - DEBUG - [USER_ID] 1 ----- [CATEGORIES]
2020-07-21 00:09:22,058 - DEBUG - [USER_ID] 1 ----- [CATEGORIES]
2020-07-21 00:09:27,059 - DEBUG - [USER_ID] 1 ----- [LOGOUT]
2020-07-21 00:09:27,070 - DEBUG - [USER_ID] None ----- [CATEGORIES]
2020-07-21 00:09:32,799 - DEBUG - [USER_ID] 1 ----- [CATEGORIES]
2020-07-21 00:10:08,532 - DEBUG - [USER_ID] 1 ----- [CATEGORIES]
2020-07-21 00:12:42,291 - DEBUG - [USER_ID] 1 ----- [CATEGORIES]
2020-07-21 00:12:46,522 - DEBUG - [USER_ID] 1 ----- [LOGOUT]
2020-07-21 00:12:46,533 - DEBUG - [USER_ID] None ----- [CATEGORIES]
2020-07-21 00:12:50,964 - DEBUG - [USER_ID] 1 ----- [CATEGORIES]
2020-07-21 00:15:03,526 - DEBUG - [USER_ID] 1 ----- [CATEGORIES]
2020-07-21 00:15:06,816 - DEBUG - [USER_ID] 1 ----- [LOGOUT]
2020-07-21 00:15:06,826 - DEBUG - [USER_ID] None ----- [CATEGORIES]
2020-07-21 00:15:11,719 - DEBUG - [USER_ID] 1 ----- [CATEGORIES]
2020-07-21 00:16:12,625 - DEBUG - [USER_ID] 1 ----- [CATEGORIES]
2020-07-21 00:16:19,895 - DEBUG - [USER_ID] 1 ----- [LOGOUT]
2020-07-21 00:16:19,904 - DEBUG - [USER_ID] None ----- [CATEGORIES]
2020-07-21 00:16:24,118 - DEBUG - [USER_ID] 1 ----- [CATEGORIES]
2020-07-21 00:16:34,018 - DEBUG - [USER_ID] 1 ----- [HOME_PAGE]
2020-07-21 00:16:38,779 - DEBUG - [USER_ID] 1 ----- [CATEGORIES]
2020-07-21 00:20:40,023 - DEBUG - [USER_ID] 1 ----- [CATEGORIES]
2020-07-21 00:20:43,769 - DEBUG - [USER_ID] 1 ----- [LOGOUT]
2020-07-21 00:20:43,778 - DEBUG - [USER_ID] None ----- [CATEGORIES]
2020-07-21 00:22:20,553 - DEBUG - [USER_ID] None ----- [CATEGORIES]
2020-07-21 00:24:49,804 - DEBUG - [USER_ID] None ----- [CATEGORIES]
2020-07-21 00:27:52,256 - DEBUG - [USER_ID] None ----- [CATEGORIES]
2020-07-21 00:27:59,783 - DEBUG - [USER_ID] 1 ----- [CATEGORIES]
2020-07-21 00:28:04,195 - DEBUG - [USER_ID] 1 ----- [LOGOUT]
2020-07-21 00:28:04,205 - DEBUG - [USER_ID] None ----- [CATEGORIES]
2020-07-21 00:29:18,613 - DEBUG - [USER_ID] None ----- [CATEGORIES]
2020-07-21 00:29:23,989 - DEBUG - [USER_ID] 1 ----- [CATEGORIES]
2020-07-21 00:29:58,881 - DEBUG - [USER_ID] 1 ----- [LOGOUT]
2020-07-21 00:29:58,891 - DEBUG - [USER_ID] None ----- [CATEGORIES]
2020-07-21 00:30:08,986 - DEBUG - [USER_ID] 1 ----- [CATEGORIES]
2020-07-21 00:31:15,147 - DEBUG - [USER_ID] 1 ----- [CATEGORIES]
2020-07-21 00:31:48,821 - DEBUG - [USER_ID] 1 ----- [CATEGORIES]
2020-07-21 00:31:51,678 - DEBUG - [USER_ID] 1 ----- [HOME_PAGE]
2020-07-21 00:31:54,240 - DEBUG - [USER_ID] 1 ----- [LOGOUT]
2020-07-21 00:31:54,249 - DEBUG - [USER_ID] None ----- [CATEGORIES]
2020-07-21 00:32:03,166 - DEBUG - [USER_ID] 1 ----- [CATEGORIES]
2020-07-21 00:38:20,277 - DEBUG - [USER_ID] 1 ----- [CATEGORIES]
2020-07-21 00:38:46,725 - DEBUG - [USER_ID] 1 ----- [CATEGORIES]
2020-07-21 00:40:18,044 - DEBUG - [USER_ID] 1 ----- [CATEGORIES]
2020-07-21 00:40:32,084 - DEBUG - [USER_ID] 1 ----- [CATEGORIES]
2020-07-21 00:40:43,389 - DEBUG - [USER_ID] 1 ----- [LOGOUT]
2020-07-21 00:40:43,398 - DEBUG - [USER_ID] None ----- [CATEGORIES]
2020-07-21 00:40:48,044 - DEBUG - [USER_ID] 1 ----- [CATEGORIES]
2020-07-21 00:42:22,833 - DEBUG - [USER_ID] 1 ----- [CATEGORIES]
2020-07-21 00:42:39,451 - DEBUG - [USER_ID] 1 ----- [LOGOUT]
2020-07-21 00:42:39,461 - DEBUG - [USER_ID] None ----- [CATEGORIES]
2020-07-21 00:42:43,032 - DEBUG - [USER_ID] None ----- [HOME_PAGE]
2020-07-21 00:48:17,413 - DEBUG - [USER_ID] None ----- [CATEGORIES]
2020-07-21 00:53:05,835 - DEBUG - [USER_ID] None ----- [CATEGORIES]
2020-07-21 00:53:19,759 - DEBUG - [USER_ID] None ----- [CATEGORIES]
2020-07-21 00:56:10,741 - DEBUG - [USER_ID] None ----- [CATEGORIES]
2020-07-21 00:56:35,773 - DEBUG - [USER_ID] None ----- [CATEGORIES]
2020-07-21 00:57:04,049 - DEBUG - [USER_ID] None ----- [CATEGORIES]
2020-07-21 01:01:45,369 - DEBUG - [USER_ID] None ----- [CATEGORIES]
2020-07-21 01:02:08,106 - DEBUG - [USER_ID] None ----- [CATEGORIES]
2020-07-21 01:02:46,653 - DEBUG - [USER_ID] None ----- [CATEGORIES]
2020-07-21 01:03:39,628 - DEBUG - [USER_ID] None ----- [CATEGORIES]
2020-07-21 01:04:07,033 - DEBUG - [USER_ID] None ----- [CATEGORIES]
2020-07-21 01:05:18,816 - DEBUG - [USER_ID] None ----- [CATEGORIES]
2020-07-21 01:05:28,871 - DEBUG - [USER_ID] None ----- [CATEGORIES]
2020-07-21 01:14:37,613 - DEBUG - [USER_ID] None ----- [CATEGORIES]
2020-07-21 01:15:12,097 - DEBUG - [USER_ID] None ----- [CATEGORIES]
2020-07-21 01:25:41,539 - DEBUG - [USER_ID] None ----- [CATEGORIES]
2020-07-21 01:26:30,551 - DEBUG - [USER_ID] None ----- [CATEGORIES]
2020-07-21 01:27:42,809 - DEBUG - [USER_ID] None ----- [CATEGORIES]
2020-07-21 01:31:41,733 - DEBUG - [USER_ID] None ----- [CATEGORIES]
2020-07-21 01:32:08,085 - DEBUG - [USER_ID] None ----- [CATEGORIES]
2020-07-21 01:32:26,857 - DEBUG - [USER_ID] None ----- [CATEGORIES]
2020-07-21 01:32:35,620 - DEBUG - [USER_ID] None ----- [CATEGORIES]
2020-07-21 01:34:45,496 - DEBUG - [USER_ID] None ----- [CATEGORIES]
2020-07-21 01:34:49,250 - DEBUG - [METHOD] POST
2020-07-21 01:34:49,251 - INFO - [USER_ID] None ----- [CATEGORY] numbers_conversion
2020-07-21 01:34:49,252 - DEBUG - [USER_ID] None ----- [USER_IS_NOT_AUTHENTICATED]
2020-07-21 01:34:49,252 - INFO - [USER_ID] None ----- [LEVEL] 1 [SOLVED] 0
2020-07-21 01:35:09,912 - DEBUG - [METHOD] POST
2020-07-21 01:35:09,913 - INFO - [USER_ID] None ----- [CATEGORY] numbers_conversion
2020-07-21 01:35:09,913 - DEBUG - [USER_ID] None ----- [USER_IS_NOT_AUTHENTICATED]
2020-07-21 01:35:09,913 - INFO - [USER_ID] None ----- [LEVEL] 1 [SOLVED] 0
2020-07-21 01:35:55,925 - DEBUG - [USER_ID] None ----- [CATEGORIES]
2020-07-21 01:36:15,177 - DEBUG - [USER_ID] None ----- [CATEGORIES]
2020-07-21 02:08:33,410 - DEBUG - [USER_ID] None ----- [CATEGORIES]
2020-07-21 02:09:28,808 - DEBUG - [USER_ID] None ----- [CATEGORIES]
2020-07-21 02:10:01,176 - DEBUG - [USER_ID] None ----- [HOME_PAGE]
2020-07-21 02:10:42,290 - DEBUG - [USER_ID] None ----- [HOME_PAGE]
2020-07-21 02:11:13,027 - DEBUG - [USER_ID] None ----- [CATEGORIES]
2020-07-21 02:17:38,458 - DEBUG - [USER_ID] None ----- [CATEGORIES]
2020-07-21 02:24:51,703 - DEBUG - [USER_ID] None ----- [CATEGORIES]
2020-07-21 02:28:07,643 - DEBUG - [USER_ID] None ----- [CATEGORIES]
2020-07-21 02:28:09,385 - DEBUG - [USER_ID] None ----- [CATEGORIES]
2020-07-21 02:29:06,236 - DEBUG - [USER_ID] None ----- [CATEGORIES]
2020-07-21 02:29:07,996 - DEBUG - [USER_ID] None ----- [CATEGORIES]
2020-07-21 02:30:18,871 - DEBUG - [USER_ID] None ----- [CATEGORIES]
2020-07-21 02:32:24,075 - DEBUG - [USER_ID] None ----- [CATEGORIES]
2020-07-21 02:32:36,257 - DEBUG - [USER_ID] None ----- [CATEGORIES]
2020-07-21 02:36:08,710 - DEBUG - [USER_ID] None ----- [CATEGORIES]
2020-07-21 02:37:24,524 - DEBUG - [USER_ID] None ----- [CATEGORIES]
2020-07-21 02:37:26,707 - DEBUG - [USER_ID] None ----- [CATEGORIES]
2020-07-21 02:37:27,575 - DEBUG - [USER_ID] None ----- [CATEGORIES]
2020-07-21 02:37:58,852 - DEBUG - [USER_ID] None ----- [CATEGORIES]
2020-07-21 02:38:00,054 - DEBUG - [USER_ID] None ----- [CATEGORIES]
2020-07-21 02:38:42,398 - DEBUG - [USER_ID] None ----- [CATEGORIES]
2020-07-21 02:38:44,241 - DEBUG - [USER_ID] None ----- [CATEGORIES]
2020-07-21 02:38:45,183 - DEBUG - [USER_ID] None ----- [CATEGORIES]
2020-07-21 02:38:45,406 - DEBUG - [USER_ID] None ----- [CATEGORIES]
2020-07-21 02:38:46,328 - DEBUG - [USER_ID] None ----- [CATEGORIES]
2020-07-21 02:38:56,459 - DEBUG - [USER_ID] None ----- [CATEGORIES]
2020-07-21 02:39:16,212 - DEBUG - [USER_ID] None ----- [CATEGORIES]
2020-07-21 02:42:53,360 - DEBUG - [USER_ID] None ----- [CATEGORIES]
2020-07-21 02:47:23,781 - DEBUG - [USER_ID] None ----- [CATEGORIES]
2020-07-21 02:50:54,666 - DEBUG - [USER_ID] None ----- [CATEGORIES]
2020-07-21 02:50:55,879 - DEBUG - [USER_ID] None ----- [CATEGORIES]
2020-07-21 02:50:56,707 - DEBUG - [USER_ID] None ----- [CATEGORIES]
2020-07-21 02:50:56,931 - DEBUG - [USER_ID] None ----- [CATEGORIES]
2020-07-21 02:51:11,430 - DEBUG - [USER_ID] None ----- [CATEGORIES]
2020-07-21 02:51:40,772 - DEBUG - [USER_ID] None ----- [CATEGORIES]
2020-07-21 02:52:12,136 - DEBUG - [USER_ID] None ----- [CATEGORIES]
2020-07-21 02:52:20,241 - DEBUG - [USER_ID] None ----- [CATEGORIES]
2020-07-21 02:53:04,157 - DEBUG - [USER_ID] None ----- [CATEGORIES]
2020-07-21 02:53:54,261 - DEBUG - [USER_ID] None ----- [CATEGORIES]
2020-07-21 02:55:19,862 - DEBUG - [USER_ID] None ----- [CATEGORIES]
2020-07-21 02:58:02,992 - DEBUG - [USER_ID] None ----- [CATEGORIES]
2020-07-21 02:58:43,025 - DEBUG - [USER_ID] None ----- [CATEGORIES]
2020-07-21 02:59:22,653 - DEBUG - [USER_ID] None ----- [CATEGORIES]
2020-07-21 03:02:16,265 - DEBUG - [USER_ID] None ----- [CATEGORIES]
2020-07-21 03:05:03,708 - DEBUG - [USER_ID] None ----- [CATEGORIES]
2020-07-21 03:06:39,759 - DEBUG - [USER_ID] None ----- [CATEGORIES]
2020-07-21 03:07:02,445 - DEBUG - [USER_ID] None ----- [CATEGORIES]
2020-07-21 03:07:49,457 - DEBUG - [USER_ID] None ----- [CATEGORIES]
2020-07-21 03:08:41,768 - DEBUG - [USER_ID] None ----- [CATEGORIES]
2020-07-21 03:09:02,403 - DEBUG - [USER_ID] None ----- [CATEGORIES]
2020-07-21 03:10:26,843 - DEBUG - [USER_ID] None ----- [CATEGORIES]
2020-07-21 03:10:28,152 - DEBUG - [USER_ID] None ----- [CATEGORIES]
2020-07-21 03:10:29,175 - DEBUG - [USER_ID] None ----- [CATEGORIES]
2020-07-21 03:11:21,930 - DEBUG - [USER_ID] None ----- [CATEGORIES]
2020-07-21 03:11:23,013 - DEBUG - [USER_ID] None ----- [CATEGORIES]
2020-07-21 03:11:44,947 - DEBUG - [USER_ID] None ----- [HOME_PAGE]
2020-07-21 03:11:47,522 - DEBUG - [USER_ID] None ----- [HOME_PAGE]
2020-07-21 03:11:49,523 - DEBUG - [USER_ID] None ----- [CATEGORIES]
2020-07-21 03:12:41,040 - DEBUG - [USER_ID] None ----- [CATEGORIES]
2020-07-21 03:12:42,455 - DEBUG - [USER_ID] None ----- [CATEGORIES]
2020-07-21 03:12:49,211 - DEBUG - [USER_ID] None ----- [CATEGORIES]
2020-07-21 03:13:16,471 - DEBUG - [USER_ID] None ----- [HOME_PAGE]
2020-07-21 03:13:18,046 - DEBUG - [USER_ID] None ----- [CATEGORIES]
2020-07-21 03:14:24,825 - DEBUG - [USER_ID] None ----- [CATEGORIES]
2020-07-21 03:15:16,779 - DEBUG - [USER_ID] None ----- [CATEGORIES]
2020-07-21 03:15:18,396 - DEBUG - [USER_ID] None ----- [CATEGORIES]
2020-07-21 03:15:59,003 - DEBUG - [USER_ID] None ----- [CATEGORIES]
2020-07-21 03:16:08,850 - DEBUG - [USER_ID] None ----- [CATEGORIES]
2020-07-21 03:16:52,599 - DEBUG - [USER_ID] None ----- [CATEGORIES]
2020-07-21 03:17:21,124 - DEBUG - [USER_ID] None ----- [CATEGORIES]
2020-07-21 03:20:21,719 - DEBUG - [USER_ID] None ----- [CATEGORIES]
2020-07-21 03:20:23,901 - DEBUG - [USER_ID] None ----- [CATEGORIES]
2020-07-21 03:21:07,666 - DEBUG - [USER_ID] None ----- [CATEGORIES]
2020-07-21 03:22:54,694 - DEBUG - [USER_ID] None ----- [CATEGORIES]
2020-07-21 03:23:31,861 - DEBUG - [USER_ID] None ----- [CATEGORIES]
2020-07-21 03:28:40,594 - DEBUG - [USER_ID] None ----- [CATEGORIES]
2020-07-21 03:28:52,720 - DEBUG - [USER_ID] None ----- [CATEGORIES]
2020-07-21 03:31:59,569 - DEBUG - [USER_ID] None ----- [CATEGORIES]
2020-07-21 03:32:02,062 - DEBUG - [USER_ID] None ----- [CATEGORIES]
2020-07-21 03:33:05,914 - DEBUG - [USER_ID] None ----- [CATEGORIES]
2020-07-21 03:36:52,522 - DEBUG - [USER_ID] None ----- [CATEGORIES]
2020-07-21 03:36:55,275 - DEBUG - [USER_ID] None ----- [CATEGORIES]
2020-07-21 03:37:20,535 - DEBUG - [METHOD] POST
2020-07-21 03:37:20,536 - INFO - [USER_ID] None ----- [CATEGORY] numbers_conversion
2020-07-21 03:37:20,536 - DEBUG - [USER_ID] None ----- [USER_IS_NOT_AUTHENTICATED]
2020-07-21 03:37:20,536 - INFO - [USER_ID] None ----- [LEVEL] 2 [SOLVED] 0
2020-07-21 03:37:25,014 - DEBUG - [USER_ID] None ----- [RETURN]
2020-07-21 03:37:25,019 - DEBUG - [USER_ID] None ----- [CATEGORIES]
2020-07-21 03:38:07,934 - DEBUG - [USER_ID] None ----- [HOME_PAGE]
2020-07-21 03:38:09,471 - DEBUG - [USER_ID] None ----- [HOME_PAGE]
2020-07-21 03:38:10,273 - DEBUG - [USER_ID] None ----- [HOME_PAGE]
2020-07-21 03:38:10,504 - DEBUG - [USER_ID] None ----- [HOME_PAGE]
2020-07-21 03:38:46,263 - DEBUG - [USER_ID] None ----- [HOME_PAGE]
2020-07-21 03:39:52,067 - DEBUG - [USER_ID] None ----- [HOME_PAGE]
2020-07-21 03:39:53,337 - DEBUG - [USER_ID] None ----- [HOME_PAGE]
2020-07-21 03:41:36,522 - DEBUG - [USER_ID] None ----- [HOME_PAGE]
2020-07-21 03:41:42,228 - DEBUG - [USER_ID] None ----- [CATEGORIES]
2020-07-21 03:44:17,128 - DEBUG - [USER_ID] None ----- [CATEGORIES]
2020-07-21 03:44:36,245 - DEBUG - [USER_ID] None ----- [CATEGORIES]
2020-07-21 03:44:48,752 - DEBUG - [USER_ID] None ----- [CATEGORIES]
2020-07-21 03:44:50,922 - DEBUG - [USER_ID] None ----- [CATEGORIES]
2020-07-21 03:45:23,996 - DEBUG - [USER_ID] None ----- [CATEGORIES]
2020-07-21 03:46:28,515 - DEBUG - [USER_ID] None ----- [CATEGORIES]
2020-07-21 03:46:50,089 - DEBUG - [USER_ID] None ----- [CATEGORIES]
2020-07-21 03:48:38,359 - DEBUG - [USER_ID] None ----- [CATEGORIES]
2020-07-21 03:49:46,408 - DEBUG - [USER_ID] None ----- [CATEGORIES]
2020-07-21 03:50:21,331 - DEBUG - [USER_ID] None ----- [CATEGORIES]
2020-07-21 03:51:27,651 - DEBUG - [USER_ID] None ----- [CATEGORIES]
2020-07-21 03:51:57,955 - DEBUG - [USER_ID] None ----- [CATEGORIES]
2020-07-21 03:52:22,544 - DEBUG - [USER_ID] None ----- [CATEGORIES]
2020-07-21 03:53:36,445 - DEBUG - [USER_ID] None ----- [CATEGORIES]
2020-07-21 03:53:50,056 - DEBUG - [METHOD] POST
2020-07-21 03:53:50,056 - INFO - [USER_ID] None ----- [CATEGORY] numbers_conversion
2020-07-21 03:53:50,058 - DEBUG - [USER_ID] None ----- [USER_IS_NOT_AUTHENTICATED]
2020-07-21 03:53:50,058 - INFO - [USER_ID] None ----- [LEVEL] 5 [SOLVED] 0
2020-07-21 03:53:53,057 - DEBUG - [USER_ID] None ----- [RETURN]
2020-07-21 03:53:53,062 - DEBUG - [USER_ID] None ----- [CATEGORIES]
2020-07-21 03:53:57,266 - DEBUG - [METHOD] POST
2020-07-21 03:53:57,267 - INFO - [USER_ID] None ----- [CATEGORY] numbers_conversion
2020-07-21 03:53:57,267 - DEBUG - [USER_ID] None ----- [USER_IS_NOT_AUTHENTICATED]
2020-07-21 03:53:57,267 - INFO - [USER_ID] None ----- [LEVEL] 1 [SOLVED] 0
2020-07-21 03:53:59,270 - DEBUG - [USER_ID] None ----- [RETURN]
2020-07-21 03:53:59,275 - DEBUG - [USER_ID] None ----- [CATEGORIES]
2020-07-21 03:54:07,688 - DEBUG - [METHOD] POST
2020-07-21 03:54:07,689 - INFO - [USER_ID] None ----- [CATEGORY] numbers_conversion
2020-07-21 03:54:07,689 - DEBUG - [USER_ID] None ----- [USER_IS_NOT_AUTHENTICATED]
2020-07-21 03:54:07,689 - INFO - [USER_ID] None ----- [LEVEL] 5 [SOLVED] 0
2020-07-21 03:54:09,742 - DEBUG - [USER_ID] None ----- [RETURN]
2020-07-21 03:54:09,747 - DEBUG - [USER_ID] None ----- [CATEGORIES]
2020-07-21 03:55:49,162 - DEBUG - [USER_ID] None ----- [CATEGORIES]
2020-07-21 03:55:51,768 - DEBUG - [USER_ID] None ----- [CATEGORIES]
2020-07-21 03:56:23,435 - DEBUG - [USER_ID] None ----- [CATEGORIES]
2020-07-21 03:56:24,490 - DEBUG - [USER_ID] None ----- [CATEGORIES]
2020-07-21 03:56:28,908 - DEBUG - [USER_ID] None ----- [CATEGORIES]
2020-07-21 03:56:29,680 - DEBUG - [USER_ID] None ----- [HOME_PAGE]
2020-07-21 03:56:31,372 - DEBUG - [USER_ID] None ----- [CATEGORIES]
2020-07-21 03:56:33,505 - DEBUG - [USER_ID] None ----- [HOME_PAGE]
2020-07-21 03:59:07,103 - DEBUG - [USER_ID] None ----- [CATEGORIES]
2020-07-21 04:01:02,653 - DEBUG - [USER_ID] None ----- [CATEGORIES]
2020-07-21 04:01:03,857 - DEBUG - [USER_ID] None ----- [CATEGORIES]
2020-07-21 04:01:09,906 - DEBUG - [USER_ID] None ----- [CATEGORIES]
2020-07-21 04:02:27,009 - DEBUG - [USER_ID] None ----- [CATEGORIES]
2020-07-21 04:05:07,392 - DEBUG - [USER_ID] None ----- [CATEGORIES]
2020-07-21 04:06:06,682 - DEBUG - [USER_ID] None ----- [CATEGORIES]
2020-07-21 04:07:06,987 - DEBUG - [USER_ID] None ----- [CATEGORIES]
2020-07-21 04:07:19,192 - DEBUG - [USER_ID] None ----- [CATEGORIES]
2020-07-21 04:07:28,414 - DEBUG - [USER_ID] None ----- [CATEGORIES]
2020-07-21 04:07:41,461 - DEBUG - [USER_ID] None ----- [CATEGORIES]
2020-07-21 04:07:49,887 - DEBUG - [USER_ID] None ----- [CATEGORIES]
2020-07-21 04:07:57,575 - DEBUG - [USER_ID] None ----- [CATEGORIES]
2020-07-21 04:08:11,381 - DEBUG - [USER_ID] None ----- [CATEGORIES]
2020-07-21 04:08:38,708 - DEBUG - [USER_ID] None ----- [CATEGORIES]
2020-07-21 04:08:44,171 - DEBUG - [USER_ID] None ----- [CATEGORIES]
2020-07-21 04:09:34,379 - DEBUG - [USER_ID] None ----- [CATEGORIES]
2020-07-21 04:09:38,261 - DEBUG - [USER_ID] None ----- [CATEGORIES]
2020-07-21 04:10:15,135 - DEBUG - [USER_ID] None ----- [CATEGORIES]
2020-07-21 04:15:48,048 - DEBUG - [USER_ID] None ----- [CATEGORIES]
2020-07-21 04:17:00,457 - DEBUG - [USER_ID] None ----- [CATEGORIES]
2020-07-21 04:17:24,295 - DEBUG - [USER_ID] None ----- [CATEGORIES]
2020-07-21 04:17:45,799 - DEBUG - [USER_ID] None ----- [CATEGORIES]
2020-07-21 04:17:54,332 - DEBUG - [USER_ID] None ----- [CATEGORIES]
2020-07-21 04:18:03,344 - DEBUG - [USER_ID] None ----- [CATEGORIES]
2020-07-21 04:18:18,933 - DEBUG - [USER_ID] None ----- [CATEGORIES]
2020-07-21 04:18:26,816 - DEBUG - [USER_ID] None ----- [CATEGORIES]
2020-07-21 04:19:13,937 - DEBUG - [USER_ID] None ----- [CATEGORIES]
2020-07-21 04:19:31,147 - DEBUG - [USER_ID] None ----- [CATEGORIES]
2020-07-21 04:19:57,325 - DEBUG - [USER_ID] None ----- [CATEGORIES]
2020-07-21 04:20:17,293 - DEBUG - [USER_ID] None ----- [CATEGORIES]
2020-07-21 04:20:36,141 - DEBUG - [USER_ID] None ----- [CATEGORIES]
2020-07-21 04:20:46,717 - DEBUG - [USER_ID] None ----- [CATEGORIES]
2020-07-21 04:21:18,945 - DEBUG - [USER_ID] None ----- [CATEGORIES]
2020-07-21 04:21:32,126 - DEBUG - [USER_ID] None ----- [CATEGORIES]
2020-07-21 04:21:49,608 - DEBUG - [USER_ID] None ----- [CATEGORIES]
2020-07-21 04:22:10,966 - DEBUG - [USER_ID] None ----- [CATEGORIES]
2020-07-21 04:22:22,103 - DEBUG - [USER_ID] None ----- [CATEGORIES]
2020-07-21 04:22:31,422 - DEBUG - [USER_ID] None ----- [CATEGORIES]
2020-07-21 04:23:05,981 - DEBUG - [USER_ID] None ----- [CATEGORIES]
2020-07-21 04:24:52,552 - DEBUG - [USER_ID] None ----- [CATEGORIES]
2020-07-21 04:26:00,338 - DEBUG - [USER_ID] None ----- [CATEGORIES]
2020-07-21 04:26:41,124 - DEBUG - [USER_ID] None ----- [CATEGORIES]
2020-07-21 04:26:49,724 - DEBUG - [USER_ID] None ----- [CATEGORIES]
2020-07-21 04:29:27,400 - DEBUG - [USER_ID] None ----- [CATEGORIES]
2020-07-21 04:30:39,760 - DEBUG - [USER_ID] None ----- [CATEGORIES]
2020-07-21 04:31:28,979 - DEBUG - [USER_ID] None ----- [CATEGORIES]
2020-07-21 04:32:01,616 - DEBUG - [USER_ID] None ----- [CATEGORIES]
2020-07-21 04:32:30,607 - DEBUG - [USER_ID] None ----- [CATEGORIES]
2020-07-21 04:33:32,338 - DEBUG - [USER_ID] None ----- [CATEGORIES]
2020-07-21 04:34:17,233 - DEBUG - [USER_ID] None ----- [CATEGORIES]
2020-07-21 04:35:45,331 - DEBUG - [USER_ID] None ----- [CATEGORIES]
2020-07-21 04:52:30,204 - DEBUG - [USER_ID] None ----- [CATEGORIES]
2020-07-21 04:54:13,568 - DEBUG - [USER_ID] None ----- [CATEGORIES]
2020-07-21 04:54:14,666 - DEBUG - [USER_ID] None ----- [CATEGORIES]
2020-07-21 04:54:59,089 - DEBUG - [USER_ID] None ----- [CATEGORIES]
2020-07-21 04:55:00,106 - DEBUG - [USER_ID] None ----- [CATEGORIES]
2020-07-21 04:55:47,290 - DEBUG - [USER_ID] None ----- [CATEGORIES]
2020-07-21 04:56:07,150 - DEBUG - [USER_ID] None ----- [CATEGORIES]
2020-07-21 04:56:28,054 - DEBUG - [USER_ID] None ----- [CATEGORIES]
2020-07-21 04:57:00,895 - DEBUG - [USER_ID] None ----- [CATEGORIES]
2020-07-21 04:57:11,333 - DEBUG - [USER_ID] None ----- [CATEGORIES]
2020-07-21 04:57:54,785 - DEBUG - [USER_ID] None ----- [CATEGORIES]
2020-07-21 05:01:24,951 - DEBUG - [USER_ID] None ----- [CATEGORIES]
2020-07-21 05:02:11,393 - DEBUG - [USER_ID] None ----- [CATEGORIES]
2020-07-21 05:02:46,642 - DEBUG - [USER_ID] None ----- [CATEGORIES]
2020-07-21 05:03:01,091 - DEBUG - [USER_ID] None ----- [CATEGORIES]
2020-07-21 05:05:52,011 - DEBUG - [USER_ID] None ----- [CATEGORIES]
2020-07-21 05:06:26,613 - DEBUG - [USER_ID] None ----- [CATEGORIES]
2020-07-21 05:06:31,149 - DEBUG - [USER_ID] None ----- [CATEGORIES]
2020-07-21 05:07:03,340 - DEBUG - [USER_ID] None ----- [CATEGORIES]
2020-07-21 05:08:05,097 - DEBUG - [USER_ID] None ----- [CATEGORIES]
2020-07-21 05:08:16,082 - DEBUG - [USER_ID] None ----- [CATEGORIES]
2020-07-21 05:08:24,595 - DEBUG - [USER_ID] None ----- [CATEGORIES]
2020-07-21 05:08:41,126 - DEBUG - [USER_ID] None ----- [CATEGORIES]
2020-07-21 05:08:53,603 - DEBUG - [USER_ID] None ----- [CATEGORIES]
2020-07-21 05:08:55,055 - DEBUG - [USER_ID] None ----- [HOME_PAGE]
2020-07-21 05:08:57,500 - DEBUG - [USER_ID] None ----- [CATEGORIES]
2020-07-21 05:12:36,165 - DEBUG - [USER_ID] None ----- [CATEGORIES]
2020-07-21 05:13:31,599 - DEBUG - [USER_ID] None ----- [CATEGORIES]
2020-07-21 05:13:51,239 - DEBUG - [USER_ID] None ----- [CATEGORIES]
2020-07-21 05:14:02,109 - DEBUG - [USER_ID] None ----- [CATEGORIES]
2020-07-21 05:15:41,748 - DEBUG - [USER_ID] None ----- [CATEGORIES]
2020-07-21 05:15:49,626 - DEBUG - [USER_ID] None ----- [HOME_PAGE]
2020-07-21 05:15:51,036 - DEBUG - [USER_ID] None ----- [CATEGORIES]
2020-07-21 05:16:12,267 - DEBUG - [USER_ID] None ----- [HOME_PAGE]
2020-07-21 13:03:54,903 - DEBUG - [USER_ID] None ----- [HOME_PAGE]
2020-07-21 13:03:57,011 - DEBUG - [USER_ID] None ----- [CATEGORIES]
2020-07-21 13:15:09,936 - DEBUG - [USER_ID] None ----- [HOME_PAGE]
2020-07-21 13:15:15,588 - DEBUG - [USER_ID] None ----- [CATEGORIES]
2020-07-21 13:15:42,829 - DEBUG - [USER_ID] None ----- [CATEGORIES]
2020-07-21 13:15:44,753 - DEBUG - [USER_ID] None ----- [CATEGORIES]
2020-07-21 13:16:02,871 - DEBUG - [USER_ID] None ----- [CATEGORIES]
2020-07-21 13:16:03,708 - DEBUG - [USER_ID] None ----- [HOME_PAGE]
2020-07-21 13:16:04,846 - DEBUG - [USER_ID] None ----- [HOME_PAGE]
2020-07-21 13:16:06,537 - DEBUG - [USER_ID] None ----- [CATEGORIES]
2020-07-21 13:17:09,460 - DEBUG - [USER_ID] None ----- [CATEGORIES]
2020-07-21 13:17:10,727 - DEBUG - [USER_ID] None ----- [CATEGORIES]
2020-07-21 13:17:11,362 - DEBUG - [USER_ID] None ----- [CATEGORIES]
2020-07-21 13:17:11,592 - DEBUG - [USER_ID] None ----- [CATEGORIES]
2020-07-21 13:17:11,824 - DEBUG - [USER_ID] None ----- [CATEGORIES]
2020-07-21 13:17:12,049 - DEBUG - [USER_ID] None ----- [CATEGORIES]
2020-07-21 13:17:12,273 - DEBUG - [USER_ID] None ----- [CATEGORIES]
2020-07-21 13:17:12,506 - DEBUG - [USER_ID] None ----- [CATEGORIES]
2020-07-21 13:17:12,727 - DEBUG - [USER_ID] None ----- [CATEGORIES]
2020-07-21 13:17:12,944 - DEBUG - [USER_ID] None ----- [CATEGORIES]
2020-07-21 13:17:13,162 - DEBUG - [USER_ID] None ----- [CATEGORIES]
2020-07-21 13:17:29,305 - DEBUG - [USER_ID] None ----- [CATEGORIES]
2020-07-21 13:17:30,427 - DEBUG - [USER_ID] None ----- [CATEGORIES]
2020-07-21 13:17:30,922 - DEBUG - [USER_ID] None ----- [CATEGORIES]
2020-07-21 13:17:32,018 - DEBUG - [USER_ID] None ----- [HOME_PAGE]
2020-07-21 13:17:33,304 - DEBUG - [USER_ID] None ----- [CATEGORIES]
2020-07-21 13:19:02,963 - DEBUG - [USER_ID] None ----- [HOME_PAGE]
2020-07-21 13:19:10,168 - DEBUG - [USER_ID] None ----- [CATEGORIES]
2020-07-21 13:19:25,237 - DEBUG - [USER_ID] None ----- [CATEGORIES]
2020-07-21 13:19:39,583 - DEBUG - [USER_ID] None ----- [CATEGORIES]
2020-07-21 13:19:56,459 - DEBUG - [USER_ID] None ----- [CATEGORIES]
2020-07-21 13:23:02,263 - DEBUG - [USER_ID] None ----- [CATEGORIES]
2020-07-21 13:25:18,594 - DEBUG - [USER_ID] None ----- [CATEGORIES]
2020-07-21 13:26:46,109 - DEBUG - [USER_ID] None ----- [CATEGORIES]
2020-07-21 13:27:14,959 - DEBUG - [USER_ID] None ----- [CATEGORIES]
2020-07-21 13:27:22,721 - DEBUG - [USER_ID] None ----- [CATEGORIES]
2020-07-21 13:27:23,801 - DEBUG - [USER_ID] None ----- [CATEGORIES]
2020-07-21 13:28:05,989 - DEBUG - [USER_ID] None ----- [CATEGORIES]
2020-07-21 13:29:09,219 - DEBUG - [USER_ID] None ----- [CATEGORIES]
2020-07-21 13:29:13,270 - DEBUG - [METHOD] POST
2020-07-21 13:29:13,271 - INFO - [USER_ID] None ----- [CATEGORY] numbers_conversion
2020-07-21 13:29:13,271 - DEBUG - [USER_ID] None ----- [USER_IS_NOT_AUTHENTICATED]
2020-07-21 13:29:13,271 - INFO - [USER_ID] None ----- [LEVEL] 1 [SOLVED] 0
2020-07-21 13:29:16,126 - DEBUG - [USER_ID] None ----- [RETURN]
2020-07-21 13:29:16,131 - DEBUG - [USER_ID] None ----- [CATEGORIES]
2020-07-21 13:29:22,363 - DEBUG - [METHOD] POST
2020-07-21 13:29:22,364 - INFO - [USER_ID] None ----- [CATEGORY] arithmetic_logic
2020-07-21 13:29:22,364 - DEBUG - [USER_ID] None ----- [USER_IS_NOT_AUTHENTICATED]
2020-07-21 13:29:22,364 - INFO - [USER_ID] None ----- [LEVEL] 1 [SOLVED] 0
2020-07-21 13:29:25,053 - DEBUG - [USER_ID] None ----- [RETURN]
2020-07-21 13:29:25,058 - DEBUG - [USER_ID] None ----- [CATEGORIES]
2020-07-21 13:29:58,522 - DEBUG - [USER_ID] None ----- [CATEGORIES]
2020-07-21 13:31:01,518 - DEBUG - [USER_ID] None ----- [CATEGORIES]
2020-07-21 13:31:22,211 - DEBUG - [USER_ID] None ----- [CATEGORIES]
2020-07-21 13:35:22,735 - DEBUG - [USER_ID] None ----- [CATEGORIES]
2020-07-21 13:36:20,595 - DEBUG - [USER_ID] None ----- [CATEGORIES]
2020-07-21 13:36:55,554 - DEBUG - [USER_ID] None ----- [CATEGORIES]
2020-07-21 13:39:15,386 - DEBUG - [USER_ID] None ----- [CATEGORIES]
2020-07-21 13:39:38,472 - DEBUG - [USER_ID] None ----- [CATEGORIES]
2020-07-21 13:39:52,544 - DEBUG - [USER_ID] None ----- [CATEGORIES]
2020-07-21 13:40:20,721 - DEBUG - [USER_ID] None ----- [CATEGORIES]
2020-07-21 13:40:32,179 - DEBUG - [USER_ID] None ----- [CATEGORIES]
2020-07-21 13:40:59,248 - DEBUG - [USER_ID] None ----- [CATEGORIES]
2020-07-21 13:42:28,916 - DEBUG - [USER_ID] None ----- [CATEGORIES]
2020-07-21 13:43:07,558 - DEBUG - [USER_ID] None ----- [CATEGORIES]
2020-07-21 13:44:41,094 - DEBUG - [USER_ID] None ----- [CATEGORIES]
2020-07-21 13:50:20,505 - DEBUG - [USER_ID] None ----- [CATEGORIES]
2020-07-21 13:51:19,801 - DEBUG - [USER_ID] None ----- [CATEGORIES]
2020-07-21 13:51:20,990 - DEBUG - [USER_ID] None ----- [CATEGORIES]
2020-07-21 13:51:28,060 - DEBUG - [USER_ID] None ----- [CATEGORIES]
2020-07-21 13:51:49,374 - DEBUG - [USER_ID] None ----- [CATEGORIES]
2020-07-21 13:52:21,355 - DEBUG - [USER_ID] None ----- [CATEGORIES]
2020-07-21 13:53:25,739 - DEBUG - [USER_ID] None ----- [CATEGORIES]
2020-07-21 13:55:56,732 - DEBUG - [USER_ID] None ----- [CATEGORIES]
2020-07-21 13:56:13,807 - DEBUG - [METHOD] POST
2020-07-21 13:56:13,808 - INFO - [USER_ID] None ----- [CATEGORY] numbers_conversion
2020-07-21 13:56:13,808 - DEBUG - [USER_ID] None ----- [USER_IS_NOT_AUTHENTICATED]
2020-07-21 13:56:13,808 - INFO - [USER_ID] None ----- [LEVEL] 1 [SOLVED] 0
2020-07-21 13:56:16,260 - DEBUG - [USER_ID] None ----- [RETURN]
2020-07-21 13:56:16,266 - DEBUG - [USER_ID] None ----- [CATEGORIES]
2020-07-21 13:56:27,161 - DEBUG - [METHOD] POST
2020-07-21 13:56:27,161 - INFO - [USER_ID] None ----- [CATEGORY] bit_arithmetic
2020-07-21 13:56:27,161 - DEBUG - [USER_ID] None ----- [USER_IS_NOT_AUTHENTICATED]
2020-07-21 13:56:27,161 - INFO - [USER_ID] None ----- [LEVEL] 1 [SOLVED] 0
2020-07-21 13:56:29,223 - DEBUG - [USER_ID] None ----- [RETURN]
2020-07-21 13:56:29,228 - DEBUG - [USER_ID] None ----- [CATEGORIES]
2020-07-21 13:57:38,771 - DEBUG - [USER_ID] None ----- [CATEGORIES]
2020-07-21 13:57:47,277 - DEBUG - [METHOD] POST
2020-07-21 13:57:47,277 - INFO - [USER_ID] None ----- [CATEGORY] numbers_conversion
2020-07-21 13:57:47,277 - DEBUG - [USER_ID] None ----- [USER_IS_NOT_AUTHENTICATED]
2020-07-21 13:57:47,277 - INFO - [USER_ID] None ----- [LEVEL] 1 [SOLVED] 0
2020-07-21 13:57:49,440 - DEBUG - [USER_ID] None ----- [RETURN]
2020-07-21 13:57:49,445 - DEBUG - [USER_ID] None ----- [CATEGORIES]
2020-07-21 13:58:10,280 - DEBUG - [USER_ID] None ----- [CATEGORIES]
2020-07-21 13:58:21,787 - DEBUG - [METHOD] POST
2020-07-21 13:58:21,787 - INFO - [USER_ID] None ----- [CATEGORY] numbers_conversion
2020-07-21 13:58:21,788 - DEBUG - [USER_ID] None ----- [USER_IS_NOT_AUTHENTICATED]
2020-07-21 13:58:21,788 - INFO - [USER_ID] None ----- [LEVEL] 1 [SOLVED] 0
2020-07-21 13:58:23,855 - DEBUG - [USER_ID] None ----- [RETURN]
2020-07-21 13:58:23,862 - DEBUG - [USER_ID] None ----- [CATEGORIES]
2020-07-21 13:58:31,719 - DEBUG - [METHOD] POST
2020-07-21 13:58:31,719 - INFO - [USER_ID] None ----- [CATEGORY] numbers_conversion
2020-07-21 13:58:31,719 - DEBUG - [USER_ID] None ----- [USER_IS_NOT_AUTHENTICATED]
2020-07-21 13:58:31,719 - INFO - [USER_ID] None ----- [LEVEL] 2 [SOLVED] 0
2020-07-21 13:58:34,042 - DEBUG - [USER_ID] None ----- [RETURN]
2020-07-21 13:58:34,048 - DEBUG - [USER_ID] None ----- [CATEGORIES]
2020-07-21 14:03:18,583 - DEBUG - [USER_ID] None ----- [CATEGORIES]
2020-07-21 14:03:50,133 - DEBUG - [USER_ID] None ----- [CATEGORIES]
2020-07-21 14:09:20,487 - DEBUG - [USER_ID] None ----- [CATEGORIES]
2020-07-21 14:10:01,182 - DEBUG - [USER_ID] None ----- [CATEGORIES]
2020-07-21 14:11:14,854 - DEBUG - [USER_ID] None ----- [CATEGORIES]
2020-07-21 14:12:05,271 - DEBUG - [USER_ID] None ----- [CATEGORIES]
2020-07-21 14:13:25,047 - DEBUG - [USER_ID] None ----- [CATEGORIES]
2020-07-21 14:14:41,198 - DEBUG - [USER_ID] None ----- [CATEGORIES]
2020-07-21 14:18:14,570 - DEBUG - [USER_ID] None ----- [CATEGORIES]
2020-07-21 14:18:57,664 - DEBUG - [USER_ID] None ----- [CATEGORIES]
2020-07-21 14:24:09,683 - DEBUG - [USER_ID] None ----- [CATEGORIES]
2020-07-21 14:24:51,969 - DEBUG - [USER_ID] None ----- [CATEGORIES]
2020-07-21 14:26:42,632 - DEBUG - [USER_ID] None ----- [CATEGORIES]
2020-07-21 14:28:11,609 - DEBUG - [USER_ID] None ----- [CATEGORIES]
2020-07-21 14:29:12,329 - DEBUG - [USER_ID] None ----- [CATEGORIES]
2020-07-21 14:29:25,967 - DEBUG - [USER_ID] None ----- [CATEGORIES]
2020-07-21 14:29:27,006 - DEBUG - [USER_ID] None ----- [CATEGORIES]
2020-07-21 14:29:43,536 - DEBUG - [USER_ID] None ----- [CATEGORIES]
2020-07-21 14:30:46,016 - DEBUG - [USER_ID] None ----- [CATEGORIES]
2020-07-21 14:31:13,574 - DEBUG - [USER_ID] None ----- [CATEGORIES]
2020-07-21 14:32:52,891 - DEBUG - [METHOD] POST
2020-07-21 14:32:52,891 - INFO - [USER_ID] None ----- [CATEGORY] 
2020-07-21 14:32:52,891 - DEBUG - [USER_ID] None ----- [USER_IS_NOT_AUTHENTICATED]
2020-07-21 14:32:52,891 - INFO - [USER_ID] None ----- [LEVEL] 1 [SOLVED] 0
2020-07-21 14:33:22,290 - DEBUG - [USER_ID] None ----- [CATEGORIES]
2020-07-21 14:33:41,343 - DEBUG - [USER_ID] None ----- [CATEGORIES]
2020-07-21 14:34:34,922 - DEBUG - [USER_ID] None ----- [CATEGORIES]
2020-07-21 14:34:45,909 - DEBUG - [USER_ID] None ----- [CATEGORIES]
2020-07-21 14:35:14,683 - DEBUG - [USER_ID] None ----- [CATEGORIES]
2020-07-21 14:35:37,103 - DEBUG - [USER_ID] None ----- [CATEGORIES]
2020-07-21 14:35:39,051 - DEBUG - [METHOD] POST
2020-07-21 14:35:39,052 - INFO - [USER_ID] None ----- [CATEGORY] 
2020-07-21 14:35:39,052 - DEBUG - [USER_ID] None ----- [USER_IS_NOT_AUTHENTICATED]
2020-07-21 14:35:39,052 - INFO - [USER_ID] None ----- [LEVEL] 1 [SOLVED] 0
2020-07-21 14:36:15,738 - DEBUG - [USER_ID] None ----- [CATEGORIES]
2020-07-21 14:38:57,790 - DEBUG - [USER_ID] None ----- [HOME_PAGE]
2020-07-21 14:39:16,928 - DEBUG - [USER_ID] 1 ----- [CATEGORIES]
2020-07-21 14:41:28,729 - DEBUG - [METHOD] POST
2020-07-21 14:41:28,802 - INFO - [USER_ID] 1 ----- [CATEGORY] numbers_conversion
2020-07-21 14:41:28,802 - DEBUG - [USER_ID] 1 ----- [USER_IS_AUTHENTICATED]
2020-07-21 14:41:28,809 - DEBUG - [USER_ID] 1 ----- [ALREADY_HAS_OBJECT_IN_BD]
2020-07-21 14:41:28,812 - INFO - [USER_ID] 1 ----- [LEVEL] 3 [SOLVED] 11
2020-07-21 14:42:13,262 - DEBUG - [USER_ID] 1 ----- [RETURN]
2020-07-21 14:42:13,424 - DEBUG - [USER_ID] 1 ----- [CATEGORIES]
2020-07-21 14:42:17,882 - DEBUG - [USER_ID] 1 ----- [HOME_PAGE]
2020-07-21 14:42:20,476 - DEBUG - [USER_ID] 1 ----- [CATEGORIES]
2020-07-21 14:42:34,028 - DEBUG - [METHOD] POST
2020-07-21 14:42:34,092 - INFO - [USER_ID] 1 ----- [CATEGORY] numbers_conversion
2020-07-21 14:42:34,092 - DEBUG - [USER_ID] 1 ----- [USER_IS_AUTHENTICATED]
2020-07-21 14:42:34,099 - DEBUG - [USER_ID] 1 ----- [ALREADY_HAS_OBJECT_IN_BD]
2020-07-21 14:42:34,102 - INFO - [USER_ID] 1 ----- [LEVEL] 3 [SOLVED] 11
2020-07-21 14:42:51,832 - DEBUG - [USER_ID] 1 ----- [RETURN]
2020-07-21 14:42:51,899 - DEBUG - [USER_ID] 1 ----- [CATEGORIES]
2020-07-21 14:44:07,612 - DEBUG - [USER_ID] 1 ----- [HOME_PAGE]
2020-07-21 14:44:11,246 - DEBUG - [USER_ID] 1 ----- [CATEGORIES]
2020-07-21 14:46:25,841 - DEBUG - [USER_ID] 1 ----- [CATEGORIES]
2020-07-21 14:47:06,538 - DEBUG - [USER_ID] 1 ----- [CATEGORIES]
2020-07-21 14:47:21,167 - DEBUG - [USER_ID] 1 ----- [CATEGORIES]
2020-07-21 14:50:58,389 - DEBUG - [USER_ID] 1 ----- [CATEGORIES]
2020-07-21 14:51:10,721 - DEBUG - [USER_ID] 1 ----- [CATEGORIES]
2020-07-21 14:51:48,230 - DEBUG - [USER_ID] 1 ----- [CATEGORIES]
2020-07-21 14:52:24,021 - DEBUG - [USER_ID] 1 ----- [CATEGORIES]
2020-07-21 14:52:25,176 - DEBUG - [USER_ID] 1 ----- [CATEGORIES]
2020-07-21 14:53:18,300 - DEBUG - [USER_ID] 1 ----- [CATEGORIES]
2020-07-21 14:57:15,779 - DEBUG - [USER_ID] 1 ----- [CATEGORIES]
2020-07-21 14:59:51,067 - DEBUG - [USER_ID] 1 ----- [CATEGORIES]
2020-07-21 15:01:52,650 - DEBUG - [USER_ID] 1 ----- [CATEGORIES]
2020-07-21 15:02:29,273 - DEBUG - [USER_ID] 1 ----- [CATEGORIES]
2020-07-21 15:03:13,378 - DEBUG - [USER_ID] 1 ----- [CATEGORIES]
2020-07-21 15:04:27,190 - DEBUG - [USER_ID] 1 ----- [CATEGORIES]
2020-07-21 15:05:54,708 - DEBUG - [USER_ID] 1 ----- [CATEGORIES]
2020-07-21 15:06:40,786 - DEBUG - [USER_ID] 1 ----- [CATEGORIES]
2020-07-21 15:06:42,227 - DEBUG - [USER_ID] 1 ----- [CATEGORIES]
2020-07-21 15:09:23,639 - DEBUG - [USER_ID] 1 ----- [CATEGORIES]
2020-07-21 15:09:39,773 - DEBUG - [USER_ID] 1 ----- [CATEGORIES]
2020-07-21 15:11:27,508 - DEBUG - [USER_ID] 1 ----- [CATEGORIES]
2020-07-21 15:11:32,724 - DEBUG - [METHOD] POST
2020-07-21 15:11:32,785 - INFO - [USER_ID] 1 ----- [CATEGORY] 
2020-07-21 15:11:32,786 - DEBUG - [USER_ID] 1 ----- [USER_IS_AUTHENTICATED]
2020-07-21 15:12:06,686 - DEBUG - [METHOD] POST
2020-07-21 15:12:06,751 - INFO - [USER_ID] 1 ----- [CATEGORY] numbers_conversion
2020-07-21 15:12:06,751 - DEBUG - [USER_ID] 1 ----- [USER_IS_AUTHENTICATED]
2020-07-21 15:12:06,758 - DEBUG - [USER_ID] 1 ----- [ALREADY_HAS_OBJECT_IN_BD]
2020-07-21 15:12:06,760 - INFO - [USER_ID] 1 ----- [LEVEL] 3 [SOLVED] 11
2020-07-21 15:12:08,979 - DEBUG - [USER_ID] 1 ----- [RETURN]
2020-07-21 15:12:09,045 - DEBUG - [USER_ID] 1 ----- [CATEGORIES]
2020-07-21 15:13:21,694 - DEBUG - [USER_ID] 1 ----- [CATEGORIES]
2020-07-21 15:13:26,310 - DEBUG - [METHOD] POST
2020-07-21 15:13:26,367 - INFO - [USER_ID] 1 ----- [CATEGORY] numbers_conversion
2020-07-21 15:13:26,367 - DEBUG - [USER_ID] 1 ----- [USER_IS_AUTHENTICATED]
2020-07-21 15:13:26,372 - DEBUG - [USER_ID] 1 ----- [ALREADY_HAS_OBJECT_IN_BD]
2020-07-21 15:13:26,374 - INFO - [USER_ID] 1 ----- [LEVEL] 3 [SOLVED] 11
2020-07-21 15:13:28,562 - DEBUG - [USER_ID] 1 ----- [RETURN]
2020-07-21 15:13:28,626 - DEBUG - [USER_ID] 1 ----- [CATEGORIES]
2020-07-21 15:13:31,854 - DEBUG - [METHOD] POST
2020-07-21 15:13:31,912 - INFO - [USER_ID] 1 ----- [CATEGORY] bit_arithmetic
2020-07-21 15:13:31,912 - DEBUG - [USER_ID] 1 ----- [USER_IS_AUTHENTICATED]
2020-07-21 15:13:31,917 - DEBUG - [USER_ID] 1 ----- [CREATE_OBJECT_IN_BD]
2020-07-21 15:13:48,550 - DEBUG - [METHOD] POST
2020-07-21 15:13:48,607 - INFO - [USER_ID] 1 ----- [CATEGORY] bit_arithmetic
2020-07-21 15:13:48,607 - DEBUG - [USER_ID] 1 ----- [USER_IS_AUTHENTICATED]
2020-07-21 15:13:48,613 - DEBUG - [USER_ID] 1 ----- [ALREADY_HAS_OBJECT_IN_BD]
2020-07-21 15:13:48,614 - INFO - [USER_ID] 1 ----- [LEVEL] 1 [SOLVED] 1
2020-07-21 15:13:52,911 - DEBUG - [USER_ID] 1 ----- [RETURN]
2020-07-21 15:13:52,972 - DEBUG - [USER_ID] 1 ----- [CATEGORIES]
2020-07-21 15:14:16,853 - DEBUG - [USER_ID] 1 ----- [CATEGORIES]
2020-07-21 15:14:19,801 - DEBUG - [METHOD] POST
2020-07-21 15:14:19,968 - INFO - [USER_ID] 1 ----- [CATEGORY] bit_arithmetic
2020-07-21 15:14:19,968 - DEBUG - [USER_ID] 1 ----- [USER_IS_AUTHENTICATED]
2020-07-21 15:14:19,974 - DEBUG - [USER_ID] 1 ----- [ALREADY_HAS_OBJECT_IN_BD]
2020-07-21 15:14:19,976 - INFO - [USER_ID] 1 ----- [LEVEL] 1 [SOLVED] 1
2020-07-21 15:14:22,261 - DEBUG - [USER_ID] 1 ----- [RETURN]
2020-07-21 15:14:22,422 - DEBUG - [USER_ID] 1 ----- [CATEGORIES]
2020-07-21 15:14:26,963 - DEBUG - [USER_ID] 1 ----- [CATEGORIES]
2020-07-21 15:14:28,624 - DEBUG - [METHOD] POST
2020-07-21 15:14:28,682 - INFO - [USER_ID] 1 ----- [CATEGORY] numbers_conversion
2020-07-21 15:14:28,682 - DEBUG - [USER_ID] 1 ----- [USER_IS_AUTHENTICATED]
2020-07-21 15:14:28,686 - DEBUG - [USER_ID] 1 ----- [ALREADY_HAS_OBJECT_IN_BD]
2020-07-21 15:14:28,689 - INFO - [USER_ID] 1 ----- [LEVEL] 3 [SOLVED] 11
2020-07-21 15:14:30,677 - DEBUG - [USER_ID] 1 ----- [RETURN]
2020-07-21 15:14:30,753 - DEBUG - [USER_ID] 1 ----- [CATEGORIES]
2020-07-21 15:14:33,549 - DEBUG - [METHOD] POST
2020-07-21 15:14:33,607 - INFO - [USER_ID] 1 ----- [CATEGORY] bit_arithmetic
2020-07-21 15:14:33,607 - DEBUG - [USER_ID] 1 ----- [USER_IS_AUTHENTICATED]
2020-07-21 15:14:33,613 - DEBUG - [USER_ID] 1 ----- [ALREADY_HAS_OBJECT_IN_BD]
2020-07-21 15:14:33,615 - INFO - [USER_ID] 1 ----- [LEVEL] 1 [SOLVED] 1
2020-07-21 15:14:35,804 - DEBUG - [USER_ID] 1 ----- [RETURN]
2020-07-21 15:14:35,870 - DEBUG - [USER_ID] 1 ----- [CATEGORIES]
2020-07-21 15:16:57,099 - DEBUG - [METHOD] POST
2020-07-21 15:16:57,168 - INFO - [USER_ID] 1 ----- [CATEGORY] numbers_conversion
2020-07-21 15:16:57,168 - DEBUG - [USER_ID] 1 ----- [USER_IS_AUTHENTICATED]
2020-07-21 15:16:57,174 - DEBUG - [USER_ID] 1 ----- [ALREADY_HAS_OBJECT_IN_BD]
2020-07-21 15:16:57,176 - INFO - [USER_ID] 1 ----- [LEVEL] 3 [SOLVED] 11
2020-07-21 15:16:58,993 - DEBUG - [USER_ID] 1 ----- [HOME_PAGE]
2020-07-21 15:17:00,628 - DEBUG - [USER_ID] 1 ----- [CATEGORIES]
2020-07-21 15:17:05,293 - DEBUG - [USER_ID] 1 ----- [HOME_PAGE]
2020-07-21 15:17:07,493 - DEBUG - [USER_ID] 1 ----- [CATEGORIES]
2020-07-21 15:22:28,334 - DEBUG - [USER_ID] 1 ----- [CATEGORIES]
2020-07-21 15:23:25,917 - DEBUG - [USER_ID] 1 ----- [CATEGORIES]
2020-07-21 15:25:08,349 - DEBUG - [USER_ID] 1 ----- [CATEGORIES]
2020-07-21 15:29:20,487 - DEBUG - [USER_ID] 1 ----- [CATEGORIES]
2020-07-21 15:30:02,812 - DEBUG - [USER_ID] 1 ----- [CATEGORIES]
2020-07-21 15:31:17,935 - DEBUG - [USER_ID] 1 ----- [CATEGORIES]
2020-07-21 15:33:33,297 - DEBUG - [USER_ID] 1 ----- [CATEGORIES]
2020-07-21 15:34:23,299 - DEBUG - [USER_ID] 1 ----- [CATEGORIES]
2020-07-21 15:35:06,023 - DEBUG - [USER_ID] 1 ----- [CATEGORIES]
2020-07-21 15:35:32,673 - DEBUG - [USER_ID] 1 ----- [CATEGORIES]
2020-07-21 15:39:27,475 - DEBUG - [USER_ID] 1 ----- [CATEGORIES]
2020-07-21 15:39:49,008 - DEBUG - [USER_ID] 1 ----- [CATEGORIES]
2020-07-21 15:40:48,195 - DEBUG - [USER_ID] 1 ----- [CATEGORIES]
2020-07-21 15:41:04,608 - DEBUG - [USER_ID] 1 ----- [CATEGORIES]
2020-07-21 15:41:31,069 - DEBUG - [METHOD] POST
2020-07-21 15:41:31,130 - INFO - [USER_ID] 1 ----- [CATEGORY] numbers_conversion
2020-07-21 15:41:31,131 - DEBUG - [USER_ID] 1 ----- [USER_IS_AUTHENTICATED]
2020-07-21 15:41:31,136 - DEBUG - [USER_ID] 1 ----- [ALREADY_HAS_OBJECT_IN_BD]
2020-07-21 15:41:31,138 - INFO - [USER_ID] 1 ----- [LEVEL] 3 [SOLVED] 11
2020-07-21 15:41:33,075 - DEBUG - [USER_ID] 1 ----- [RETURN]
2020-07-21 15:41:33,137 - DEBUG - [USER_ID] 1 ----- [CATEGORIES]
2020-07-21 15:51:04,300 - DEBUG - [USER_ID] 1 ----- [CATEGORIES]
2020-07-21 15:51:29,181 - DEBUG - [USER_ID] 1 ----- [CATEGORIES]
2020-07-21 15:51:31,490 - DEBUG - [USER_ID] 1 ----- [CATEGORIES]
2020-07-21 15:51:47,784 - DEBUG - [USER_ID] 1 ----- [CATEGORIES]
2020-07-21 15:51:49,581 - DEBUG - [USER_ID] 1 ----- [CATEGORIES]
2020-07-21 15:51:53,330 - DEBUG - [USER_ID] 1 ----- [HOME_PAGE]
2020-07-21 15:51:56,460 - DEBUG - [USER_ID] 1 ----- [CATEGORIES]
2020-07-21 15:52:14,865 - DEBUG - [USER_ID] 1 ----- [CATEGORIES]
2020-07-21 15:53:17,137 - DEBUG - [USER_ID] 1 ----- [CATEGORIES]
2020-07-21 15:54:40,953 - DEBUG - [USER_ID] 1 ----- [CATEGORIES]
2020-07-21 15:55:47,545 - DEBUG - [USER_ID] 1 ----- [CATEGORIES]
2020-07-21 15:57:14,477 - DEBUG - [USER_ID] 1 ----- [CATEGORIES]
2020-07-21 15:58:35,434 - DEBUG - [USER_ID] 1 ----- [CATEGORIES]
2020-07-21 15:59:57,209 - DEBUG - [USER_ID] 1 ----- [CATEGORIES]
2020-07-21 16:00:44,055 - DEBUG - [USER_ID] 1 ----- [CATEGORIES]
2020-07-21 16:01:09,634 - DEBUG - [USER_ID] 1 ----- [CATEGORIES]
2020-07-21 16:04:45,679 - DEBUG - [USER_ID] 1 ----- [CATEGORIES]
2020-07-21 16:06:31,544 - DEBUG - [USER_ID] 1 ----- [HOME_PAGE]
2020-07-21 16:06:35,075 - DEBUG - [USER_ID] 1 ----- [CATEGORIES]
2020-07-21 16:08:29,941 - DEBUG - [METHOD] POST
2020-07-21 16:08:30,004 - INFO - [USER_ID] 1 ----- [CATEGORY] numbers_conversion
2020-07-21 16:08:30,004 - DEBUG - [USER_ID] 1 ----- [USER_IS_AUTHENTICATED]
2020-07-21 16:08:30,011 - DEBUG - [USER_ID] 1 ----- [ALREADY_HAS_OBJECT_IN_BD]
2020-07-21 16:08:30,014 - INFO - [USER_ID] 1 ----- [LEVEL] 3 [SOLVED] 11
2020-07-21 16:08:32,940 - DEBUG - [USER_ID] 1 ----- [RETURN]
2020-07-21 16:08:32,997 - DEBUG - [USER_ID] 1 ----- [CATEGORIES]
2020-07-21 16:11:13,949 - DEBUG - [USER_ID] 1 ----- [CATEGORIES]
2020-07-21 16:11:15,430 - DEBUG - [USER_ID] 1 ----- [CATEGORIES]
2020-07-21 16:11:36,434 - DEBUG - [USER_ID] 1 ----- [HOME_PAGE]
2020-07-21 16:11:39,915 - DEBUG - [USER_ID] 1 ----- [CATEGORIES]
2020-07-21 16:11:42,835 - DEBUG - [USER_ID] 1 ----- [HOME_PAGE]
2020-07-21 16:11:50,410 - DEBUG - [USER_ID] 1 ----- [LOGOUT]
2020-07-21 16:11:50,421 - DEBUG - [USER_ID] None ----- [CATEGORIES]
2020-07-21 16:12:36,942 - DEBUG - [USER_ID] None ----- [HOME_PAGE]
2020-07-21 16:12:39,778 - DEBUG - [USER_ID] None ----- [CATEGORIES]
2020-07-21 16:13:20,065 - DEBUG - [METHOD] POST
2020-07-21 16:13:20,065 - INFO - [USER_ID] None ----- [CATEGORY] numbers_conversion
2020-07-21 16:13:20,065 - DEBUG - [USER_ID] None ----- [USER_IS_NOT_AUTHENTICATED]
2020-07-21 16:13:20,066 - INFO - [USER_ID] None ----- [LEVEL] 2 [SOLVED] 0
2020-07-21 16:13:23,091 - DEBUG - [USER_ID] None ----- [RETURN]
2020-07-21 16:13:23,098 - DEBUG - [USER_ID] None ----- [CATEGORIES]
2020-07-21 16:13:24,885 - DEBUG - [USER_ID] None ----- [HOME_PAGE]
2020-07-21 16:49:00,205 - DEBUG - [USER_ID] None ----- [HOME_PAGE]
2020-07-21 16:49:26,256 - DEBUG - [USER_ID] None ----- [HOME_PAGE]
2020-07-21 16:50:41,075 - DEBUG - [USER_ID] None ----- [HOME_PAGE]
2020-07-21 16:51:41,072 - DEBUG - [USER_ID] None ----- [HOME_PAGE]
2020-07-21 16:51:42,254 - DEBUG - [USER_ID] None ----- [CATEGORIES]
2020-07-21 16:52:29,868 - DEBUG - [USER_ID] None ----- [CATEGORIES]
2020-07-21 16:52:48,995 - DEBUG - [USER_ID] None ----- [CATEGORIES]
2020-07-21 16:52:50,195 - DEBUG - [USER_ID] None ----- [CATEGORIES]
2020-07-21 16:53:34,143 - DEBUG - [USER_ID] None ----- [CATEGORIES]
2020-07-21 16:53:35,307 - DEBUG - [USER_ID] None ----- [CATEGORIES]
2020-07-21 16:53:36,027 - DEBUG - [USER_ID] None ----- [CATEGORIES]
2020-07-21 16:54:23,114 - DEBUG - [USER_ID] None ----- [CATEGORIES]
2020-07-21 16:54:33,518 - DEBUG - [METHOD] POST
2020-07-21 16:54:33,519 - INFO - [USER_ID] None ----- [CATEGORY] 
2020-07-21 16:54:33,520 - DEBUG - [USER_ID] None ----- [USER_IS_NOT_AUTHENTICATED]
2020-07-21 16:54:33,520 - INFO - [USER_ID] None ----- [LEVEL] 1 [SOLVED] 0
2020-07-21 16:54:36,201 - DEBUG - [USER_ID] None ----- [HOME_PAGE]
2020-07-21 16:54:38,695 - DEBUG - [USER_ID] None ----- [CATEGORIES]
2020-07-21 16:54:42,013 - DEBUG - [METHOD] POST
2020-07-21 16:54:42,014 - INFO - [USER_ID] None ----- [CATEGORY] 
2020-07-21 16:54:42,014 - DEBUG - [USER_ID] None ----- [USER_IS_NOT_AUTHENTICATED]
2020-07-21 16:54:42,014 - INFO - [USER_ID] None ----- [LEVEL] 1 [SOLVED] 0
2020-07-21 16:54:46,649 - DEBUG - [USER_ID] None ----- [HOME_PAGE]
2020-07-21 16:54:48,602 - DEBUG - [USER_ID] None ----- [HOME_PAGE]
2020-07-21 16:54:49,750 - DEBUG - [USER_ID] None ----- [CATEGORIES]
2020-07-21 16:54:57,418 - DEBUG - [METHOD] POST
2020-07-21 16:54:57,419 - INFO - [USER_ID] None ----- [CATEGORY] 
2020-07-21 16:54:57,419 - DEBUG - [USER_ID] None ----- [USER_IS_NOT_AUTHENTICATED]
2020-07-21 16:54:57,419 - INFO - [USER_ID] None ----- [LEVEL] 1 [SOLVED] 0
2020-07-21 16:54:59,894 - DEBUG - [USER_ID] None ----- [CATEGORIES]
2020-07-21 16:56:12,918 - DEBUG - [USER_ID] None ----- [CATEGORIES]
2020-07-21 16:56:14,582 - DEBUG - [USER_ID] None ----- [CATEGORIES]
2020-07-21 16:56:15,448 - DEBUG - [USER_ID] None ----- [CATEGORIES]
2020-07-21 16:56:20,122 - DEBUG - [METHOD] POST
2020-07-21 16:56:20,122 - INFO - [USER_ID] None ----- [CATEGORY] numbers_conversion
2020-07-21 16:56:20,123 - DEBUG - [USER_ID] None ----- [USER_IS_NOT_AUTHENTICATED]
2020-07-21 16:56:20,123 - INFO - [USER_ID] None ----- [LEVEL] 1 [SOLVED] 0
2020-07-21 16:56:21,902 - DEBUG - [USER_ID] None ----- [RETURN]
2020-07-21 16:56:21,911 - DEBUG - [USER_ID] None ----- [CATEGORIES]
2020-07-21 16:56:24,394 - DEBUG - [USER_ID] None ----- [HOME_PAGE]
2020-07-21 16:57:27,585 - DEBUG - [USER_ID] None ----- [HOME_PAGE]
2020-07-21 16:57:41,624 - DEBUG - [USER_ID] None ----- [HOME_PAGE]
2020-07-21 16:58:29,001 - DEBUG - [USER_ID] None ----- [HOME_PAGE]
2020-07-21 16:58:34,908 - DEBUG - [USER_ID] None ----- [CATEGORIES]
2020-07-21 16:58:38,047 - DEBUG - [USER_ID] None ----- [HOME_PAGE]
2020-07-21 16:59:17,822 - DEBUG - [USER_ID] None ----- [HOME_PAGE]
2020-07-21 16:59:19,186 - DEBUG - [USER_ID] None ----- [HOME_PAGE]
2020-07-21 16:59:58,304 - DEBUG - [USER_ID] None ----- [HOME_PAGE]
2020-07-21 17:00:20,400 - DEBUG - [USER_ID] None ----- [HOME_PAGE]
2020-07-21 17:01:49,815 - DEBUG - [USER_ID] None ----- [HOME_PAGE]
2020-07-21 17:02:30,479 - DEBUG - [USER_ID] None ----- [HOME_PAGE]
2020-07-21 17:04:27,742 - DEBUG - [USER_ID] None ----- [HOME_PAGE]
2020-07-21 17:04:36,292 - DEBUG - [USER_ID] None ----- [HOME_PAGE]
2020-07-21 17:04:45,091 - DEBUG - [USER_ID] None ----- [HOME_PAGE]
2020-07-21 17:04:58,723 - DEBUG - [USER_ID] None ----- [HOME_PAGE]
2020-07-21 17:05:17,915 - DEBUG - [USER_ID] None ----- [HOME_PAGE]
2020-07-21 17:05:19,007 - DEBUG - [USER_ID] None ----- [HOME_PAGE]
2020-07-21 17:05:31,037 - DEBUG - [USER_ID] None ----- [HOME_PAGE]
2020-07-21 17:05:37,507 - DEBUG - [USER_ID] None ----- [HOME_PAGE]
2020-07-21 17:05:46,808 - DEBUG - [USER_ID] None ----- [HOME_PAGE]
2020-07-21 17:07:00,679 - DEBUG - [USER_ID] None ----- [HOME_PAGE]
2020-07-21 17:07:42,443 - DEBUG - [USER_ID] None ----- [HOME_PAGE]
2020-07-21 17:08:00,389 - DEBUG - [USER_ID] None ----- [HOME_PAGE]
2020-07-21 17:08:36,173 - DEBUG - [USER_ID] None ----- [HOME_PAGE]
2020-07-21 17:09:37,500 - DEBUG - [USER_ID] None ----- [HOME_PAGE]
2020-07-21 17:09:49,016 - DEBUG - [USER_ID] None ----- [HOME_PAGE]
2020-07-21 17:10:04,027 - DEBUG - [USER_ID] None ----- [HOME_PAGE]
2020-07-21 17:10:13,600 - DEBUG - [USER_ID] None ----- [HOME_PAGE]
2020-07-21 17:10:14,660 - DEBUG - [USER_ID] None ----- [CATEGORIES]
2020-07-21 17:10:18,155 - DEBUG - [METHOD] POST
2020-07-21 17:10:18,156 - INFO - [USER_ID] None ----- [CATEGORY] numbers_conversion
2020-07-21 17:10:18,156 - DEBUG - [USER_ID] None ----- [USER_IS_NOT_AUTHENTICATED]
2020-07-21 17:10:18,157 - INFO - [USER_ID] None ----- [LEVEL] 1 [SOLVED] 0
2020-07-21 17:10:20,148 - DEBUG - [USER_ID] None ----- [RETURN]
2020-07-21 17:10:20,157 - DEBUG - [USER_ID] None ----- [CATEGORIES]
2020-07-21 17:10:22,092 - DEBUG - [USER_ID] None ----- [HOME_PAGE]
2020-07-21 17:14:18,688 - DEBUG - [USER_ID] None ----- [HOME_PAGE]
2020-07-21 17:14:21,123 - DEBUG - [USER_ID] None ----- [CATEGORIES]
2020-07-21 17:14:24,313 - DEBUG - [METHOD] POST
2020-07-21 17:14:24,314 - INFO - [USER_ID] None ----- [CATEGORY] numbers_conversion
2020-07-21 17:14:24,314 - DEBUG - [USER_ID] None ----- [USER_IS_NOT_AUTHENTICATED]
2020-07-21 17:14:24,314 - INFO - [USER_ID] None ----- [LEVEL] 1 [SOLVED] 0
2020-07-21 17:14:26,251 - DEBUG - [USER_ID] None ----- [RETURN]
2020-07-21 17:14:26,260 - DEBUG - [USER_ID] None ----- [CATEGORIES]
2020-07-21 17:14:32,263 - DEBUG - [USER_ID] None ----- [HOME_PAGE]
2020-07-21 17:14:37,500 - DEBUG - [USER_ID] None ----- [CATEGORIES]
2020-07-21 17:15:10,811 - DEBUG - [USER_ID] None ----- [HOME_PAGE]
2020-07-21 17:26:26,122 - DEBUG - [USER_ID] None ----- [HOME_PAGE]
2020-07-21 17:26:44,015 - DEBUG - [USER_ID] None ----- [HOME_PAGE]
2020-07-21 17:26:45,100 - DEBUG - [USER_ID] None ----- [HOME_PAGE]
2020-07-21 17:26:53,635 - DEBUG - [USER_ID] None ----- [HOME_PAGE]
2020-07-21 17:28:16,325 - DEBUG - [USER_ID] None ----- [HOME_PAGE]
2020-07-21 17:28:18,029 - DEBUG - [USER_ID] None ----- [HOME_PAGE]
2020-07-21 17:29:02,724 - DEBUG - [USER_ID] None ----- [HOME_PAGE]
2020-07-21 17:29:11,648 - DEBUG - [USER_ID] None ----- [HOME_PAGE]
2020-07-21 17:29:45,903 - DEBUG - [USER_ID] None ----- [HOME_PAGE]
2020-07-21 17:30:47,904 - DEBUG - [USER_ID] None ----- [HOME_PAGE]
2020-07-21 17:31:54,055 - DEBUG - [USER_ID] None ----- [HOME_PAGE]
2020-07-21 17:32:56,527 - DEBUG - [USER_ID] None ----- [CATEGORIES]
2020-07-21 17:32:59,546 - DEBUG - [USER_ID] None ----- [HOME_PAGE]
2020-07-21 17:33:01,847 - DEBUG - [USER_ID] None ----- [CATEGORIES]
2020-07-21 17:33:03,879 - DEBUG - [USER_ID] None ----- [HOME_PAGE]
2020-07-21 17:34:32,393 - DEBUG - [USER_ID] None ----- [CATEGORIES]
2020-07-21 17:35:14,577 - DEBUG - [USER_ID] None ----- [CATEGORIES]
2020-07-21 17:35:16,171 - DEBUG - [USER_ID] None ----- [HOME_PAGE]
2020-07-21 17:35:17,774 - DEBUG - [USER_ID] None ----- [HOME_PAGE]
2020-07-21 17:35:19,496 - DEBUG - [USER_ID] None ----- [CATEGORIES]
2020-07-21 17:36:54,266 - DEBUG - [USER_ID] None ----- [CATEGORIES]
2020-07-21 17:36:55,385 - DEBUG - [USER_ID] None ----- [CATEGORIES]
2020-07-21 17:39:49,138 - DEBUG - [USER_ID] None ----- [CATEGORIES]
2020-07-21 17:40:24,464 - DEBUG - [USER_ID] None ----- [CATEGORIES]
2020-07-21 17:45:58,642 - DEBUG - [USER_ID] None ----- [CATEGORIES]
2020-07-21 17:46:26,936 - DEBUG - [USER_ID] None ----- [CATEGORIES]
2020-07-21 17:46:44,803 - DEBUG - [USER_ID] None ----- [CATEGORIES]
2020-07-21 17:49:57,325 - DEBUG - [USER_ID] None ----- [CATEGORIES]
2020-07-21 17:50:36,498 - DEBUG - [USER_ID] None ----- [CATEGORIES]
2020-07-21 17:50:49,237 - DEBUG - [USER_ID] None ----- [CATEGORIES]
2020-07-21 17:53:37,237 - DEBUG - [USER_ID] None ----- [CATEGORIES]
2020-07-21 17:58:08,770 - DEBUG - [USER_ID] None ----- [CATEGORIES]
2020-07-21 18:01:10,930 - DEBUG - [USER_ID] None ----- [HOME_PAGE]
2020-07-21 18:01:21,192 - DEBUG - [USER_ID] None ----- [CATEGORIES]
2020-07-21 18:06:49,565 - DEBUG - [USER_ID] None ----- [CATEGORIES]
2020-07-21 18:06:55,980 - DEBUG - [USER_ID] None ----- [HOME_PAGE]
2020-07-21 18:06:57,419 - DEBUG - [USER_ID] None ----- [CATEGORIES]
2020-07-21 18:07:00,783 - DEBUG - [METHOD] POST
2020-07-21 18:07:00,784 - INFO - [USER_ID] None ----- [CATEGORY] numbers_conversion
2020-07-21 18:07:00,784 - DEBUG - [USER_ID] None ----- [USER_IS_NOT_AUTHENTICATED]
2020-07-21 18:07:00,784 - INFO - [USER_ID] None ----- [LEVEL] 1 [SOLVED] 0
2020-07-21 18:09:11,478 - DEBUG - [METHOD] POST
2020-07-21 18:09:11,478 - INFO - [USER_ID] None ----- [CATEGORY] numbers_conversion
2020-07-21 18:09:11,478 - DEBUG - [USER_ID] None ----- [USER_IS_NOT_AUTHENTICATED]
2020-07-21 18:09:11,478 - INFO - [USER_ID] None ----- [LEVEL] 1 [SOLVED] 0
2020-07-21 18:09:12,815 - DEBUG - [USER_ID] None ----- [RETURN]
2020-07-21 18:09:12,823 - DEBUG - [USER_ID] None ----- [CATEGORIES]
2020-07-21 18:09:30,991 - DEBUG - [USER_ID] None ----- [CATEGORIES]
2020-07-21 18:10:25,324 - DEBUG - [USER_ID] None ----- [CATEGORIES]
2020-07-21 18:10:36,742 - DEBUG - [USER_ID] None ----- [CATEGORIES]
2020-07-21 18:13:03,399 - DEBUG - [USER_ID] None ----- [CATEGORIES]
2020-07-21 18:15:17,408 - DEBUG - [USER_ID] None ----- [CATEGORIES]
2020-07-21 18:15:18,959 - DEBUG - [USER_ID] None ----- [CATEGORIES]
2020-07-21 18:15:27,436 - DEBUG - [USER_ID] None ----- [CATEGORIES]
2020-07-21 18:15:48,155 - DEBUG - [USER_ID] None ----- [CATEGORIES]
2020-07-21 18:18:14,700 - DEBUG - [USER_ID] None ----- [HOME_PAGE]
2020-07-21 18:18:16,379 - DEBUG - [USER_ID] None ----- [CATEGORIES]
2020-07-21 18:18:53,456 - DEBUG - [USER_ID] None ----- [CATEGORIES]
2020-07-21 18:19:36,849 - DEBUG - [USER_ID] None ----- [CATEGORIES]
2020-07-21 18:19:52,880 - DEBUG - [USER_ID] None ----- [CATEGORIES]
2020-07-21 18:20:05,438 - DEBUG - [USER_ID] None ----- [CATEGORIES]
2020-07-21 18:20:06,480 - DEBUG - [USER_ID] None ----- [CATEGORIES]
2020-07-21 18:20:12,949 - DEBUG - [USER_ID] None ----- [CATEGORIES]
2020-07-21 18:20:25,738 - DEBUG - [USER_ID] None ----- [CATEGORIES]
2020-07-21 18:21:23,495 - DEBUG - [USER_ID] None ----- [CATEGORIES]
2020-07-21 18:21:49,820 - DEBUG - [USER_ID] None ----- [CATEGORIES]
2020-07-21 18:21:57,665 - DEBUG - [USER_ID] None ----- [CATEGORIES]
2020-07-21 18:22:09,480 - DEBUG - [USER_ID] None ----- [CATEGORIES]
2020-07-21 18:23:00,551 - DEBUG - [USER_ID] None ----- [CATEGORIES]
2020-07-21 18:23:11,636 - DEBUG - [USER_ID] None ----- [CATEGORIES]
2020-07-21 18:24:11,669 - DEBUG - [USER_ID] None ----- [CATEGORIES]
2020-07-21 18:25:45,729 - DEBUG - [USER_ID] None ----- [CATEGORIES]
2020-07-21 18:28:25,465 - DEBUG - [USER_ID] None ----- [CATEGORIES]
2020-07-21 18:28:42,014 - DEBUG - [USER_ID] None ----- [CATEGORIES]
2020-07-21 18:28:51,137 - DEBUG - [USER_ID] None ----- [CATEGORIES]
2020-07-21 18:28:53,857 - DEBUG - [USER_ID] None ----- [HOME_PAGE]
2020-07-21 18:28:58,361 - DEBUG - [USER_ID] None ----- [CATEGORIES]
2020-07-21 18:29:03,746 - DEBUG - [METHOD] POST
2020-07-21 18:29:03,747 - INFO - [USER_ID] None ----- [CATEGORY] numbers_conversion
2020-07-21 18:29:03,748 - DEBUG - [USER_ID] None ----- [USER_IS_NOT_AUTHENTICATED]
2020-07-21 18:29:03,748 - INFO - [USER_ID] None ----- [LEVEL] 5 [SOLVED] 0
2020-07-21 18:29:06,269 - DEBUG - [USER_ID] None ----- [RETURN]
2020-07-21 18:29:06,278 - DEBUG - [USER_ID] None ----- [CATEGORIES]
2020-07-21 18:29:11,413 - DEBUG - [METHOD] POST
2020-07-21 18:29:11,413 - INFO - [USER_ID] None ----- [CATEGORY] numbers_conversion
2020-07-21 18:29:11,413 - DEBUG - [USER_ID] None ----- [USER_IS_NOT_AUTHENTICATED]
2020-07-21 18:29:11,414 - INFO - [USER_ID] None ----- [LEVEL] 1 [SOLVED] 0
2020-07-21 18:29:13,057 - DEBUG - [USER_ID] None ----- [RETURN]
2020-07-21 18:29:13,067 - DEBUG - [USER_ID] None ----- [CATEGORIES]
2020-07-21 18:33:20,564 - DEBUG - [USER_ID] None ----- [CATEGORIES]
2020-07-21 18:33:23,684 - DEBUG - [USER_ID] None ----- [HOME_PAGE]
2020-07-21 18:33:25,088 - DEBUG - [USER_ID] None ----- [HOME_PAGE]
2020-07-21 18:33:26,794 - DEBUG - [USER_ID] None ----- [CATEGORIES]
2020-07-21 18:33:33,571 - DEBUG - [USER_ID] None ----- [HOME_PAGE]
