2020-07-21 01:34:49,251 - DEBUG - 
[CATEGORY] numbers_conversion

2020-07-21 01:34:49,315 - DEBUG - [RANDOM_TASK] Number to decimal
2020-07-21 01:34:49,315 - DEBUG - [TASK_HANDLER] <function create_numbers_conversion_task at 0x04C2DA48>
2020-07-21 01:34:49,315 - DEBUG - [DESCRIPTION] Convert 0x42 to decimal [CORRECT_ANSWER] 66
2020-07-21 01:34:49,315 - DEBUG - [NEW_TASKS_DATA_CREATED]

2020-07-21 01:35:09,913 - DEBUG - 
[CATEGORY] numbers_conversion

2020-07-21 01:35:10,071 - DEBUG - [RANDOM_TASK] Number to hexadecimal
2020-07-21 01:35:10,071 - DEBUG - [TASK_HANDLER] <function create_numbers_conversion_task at 0x04C2DA48>
2020-07-21 01:35:10,071 - DEBUG - [DESCRIPTION] Convert 60 to hexadecimal [CORRECT_ANSWER] 0x3c
2020-07-21 01:35:10,071 - DEBUG - [NEW_TASKS_DATA_CREATED]

2020-07-21 03:37:20,535 - DEBUG - 
[CATEGORY] numbers_conversion

2020-07-21 03:37:20,609 - DEBUG - [RANDOM_TASK] Number to hexadecimal
2020-07-21 03:37:20,609 - DEBUG - [TASK_HANDLER] <function create_numbers_conversion_task at 0x04D1DA48>
2020-07-21 03:37:20,610 - DEBUG - [DESCRIPTION] Convert 11423 to hexadecimal [CORRECT_ANSWER] 0x2c9f
2020-07-21 03:37:20,610 - DEBUG - [NEW_TASKS_DATA_CREATED]

2020-07-21 03:53:50,056 - DEBUG - 
[CATEGORY] numbers_conversion

2020-07-21 03:53:50,116 - DEBUG - [RANDOM_TASK] Number to binary
2020-07-21 03:53:50,116 - DEBUG - [TASK_HANDLER] <function create_numbers_conversion_task at 0x04D1DA48>
2020-07-21 03:53:50,116 - DEBUG - [DESCRIPTION] Convert 790703969832 to binary [CORRECT_ANSWER] 0b1011100000011001101000010001011000101000
2020-07-21 03:53:50,116 - DEBUG - [NEW_TASKS_DATA_CREATED]

2020-07-21 03:53:57,266 - DEBUG - 
[CATEGORY] numbers_conversion

2020-07-21 03:53:57,336 - DEBUG - [RANDOM_TASK] Number to hexadecimal
2020-07-21 03:53:57,336 - DEBUG - [TASK_HANDLER] <function create_numbers_conversion_task at 0x04D1DA48>
2020-07-21 03:53:57,336 - DEBUG - [DESCRIPTION] Convert 136 to hexadecimal [CORRECT_ANSWER] 0x88
2020-07-21 03:53:57,337 - DEBUG - [NEW_TASKS_DATA_CREATED]

2020-07-21 03:54:07,688 - DEBUG - 
[CATEGORY] numbers_conversion

2020-07-21 03:54:07,846 - DEBUG - [RANDOM_TASK] Number to decimal
2020-07-21 03:54:07,846 - DEBUG - [TASK_HANDLER] <function create_numbers_conversion_task at 0x04D1DA48>
2020-07-21 03:54:07,847 - DEBUG - [DESCRIPTION] Convert 0xe50d1f1985 to decimal [CORRECT_ANSWER] 983767652741
2020-07-21 03:54:07,847 - DEBUG - [NEW_TASKS_DATA_CREATED]

2020-07-21 13:29:13,270 - DEBUG - 
[CATEGORY] numbers_conversion

2020-07-21 13:29:13,331 - DEBUG - [RANDOM_TASK] Number to decimal
2020-07-21 13:29:13,332 - DEBUG - [TASK_HANDLER] <function create_numbers_conversion_task at 0x0438D970>
2020-07-21 13:29:13,332 - DEBUG - [DESCRIPTION] Convert 0x78 to decimal [CORRECT_ANSWER] 120
2020-07-21 13:29:13,332 - DEBUG - [NEW_TASKS_DATA_CREATED]

2020-07-21 13:29:22,363 - DEBUG - 
[CATEGORY] arithmetic_logic

2020-07-21 13:29:22,430 - DEBUG - [RANDOM_TASK] X && Y || X && !Z
2020-07-21 13:29:22,430 - DEBUG - [TASK_HANDLER] <function create_arithmetic_logic_task at 0x0438DAD8>
2020-07-21 13:29:22,430 - DEBUG - [DESCRIPTION] What is (79 && 113) || (79 && !19) equal to? [CORRECT_ANSWER] 113
2020-07-21 13:29:22,430 - DEBUG - [NEW_TASKS_DATA_CREATED]

2020-07-21 13:56:13,807 - DEBUG - 
[CATEGORY] numbers_conversion

2020-07-21 13:56:13,867 - DEBUG - [RANDOM_TASK] Number to decimal
2020-07-21 13:56:13,867 - DEBUG - [TASK_HANDLER] <function create_numbers_conversion_task at 0x0438D970>
2020-07-21 13:56:13,868 - DEBUG - [DESCRIPTION] Convert 0x10 to decimal [CORRECT_ANSWER] 16
2020-07-21 13:56:13,868 - DEBUG - [NEW_TASKS_DATA_CREATED]

2020-07-21 13:56:27,161 - DEBUG - 
[CATEGORY] bit_arithmetic

2020-07-21 13:56:27,221 - DEBUG - [RANDOM_TASK] X >> Y
2020-07-21 13:56:27,221 - DEBUG - [TASK_HANDLER] <function create_bit_arithmetic_task at 0x0438DA48>
2020-07-21 13:56:27,222 - DEBUG - [DESCRIPTION] What is 137 >> 7 equal to? [CORRECT_ANSWER] 1
2020-07-21 13:56:27,222 - DEBUG - [NEW_TASKS_DATA_CREATED]

2020-07-21 13:57:47,277 - DEBUG - 
[CATEGORY] numbers_conversion

2020-07-21 13:57:47,339 - DEBUG - [RANDOM_TASK] Number to binary
2020-07-21 13:57:47,339 - DEBUG - [TASK_HANDLER] <function create_numbers_conversion_task at 0x0438D970>
2020-07-21 13:57:47,339 - DEBUG - [DESCRIPTION] Convert 256 to binary [CORRECT_ANSWER] 0b100000000
2020-07-21 13:57:47,339 - DEBUG - [NEW_TASKS_DATA_CREATED]

2020-07-21 13:58:21,787 - DEBUG - 
[CATEGORY] numbers_conversion

2020-07-21 13:58:21,847 - DEBUG - [RANDOM_TASK] Number to binary
2020-07-21 13:58:21,848 - DEBUG - [TASK_HANDLER] <function create_numbers_conversion_task at 0x0438D970>
2020-07-21 13:58:21,848 - DEBUG - [DESCRIPTION] Convert 0xeb to binary [CORRECT_ANSWER] 0b11101011
2020-07-21 13:58:21,848 - DEBUG - [NEW_TASKS_DATA_CREATED]

2020-07-21 13:58:31,719 - DEBUG - 
[CATEGORY] numbers_conversion

2020-07-21 13:58:31,874 - DEBUG - [RANDOM_TASK] Number to hexadecimal
2020-07-21 13:58:31,874 - DEBUG - [TASK_HANDLER] <function create_numbers_conversion_task at 0x0438D970>
2020-07-21 13:58:31,874 - DEBUG - [DESCRIPTION] Convert 34698 to hexadecimal [CORRECT_ANSWER] 0x878a
2020-07-21 13:58:31,874 - DEBUG - [NEW_TASKS_DATA_CREATED]

2020-07-21 14:32:52,891 - DEBUG - 
[CATEGORY] 

2020-07-21 14:35:39,051 - DEBUG - 
[CATEGORY] 

2020-07-21 14:41:28,729 - DEBUG - 
[CATEGORY] numbers_conversion

2020-07-21 14:41:28,820 - DEBUG - [RANDOM_TASK] Number to decimal
2020-07-21 14:41:28,821 - DEBUG - [TASK_HANDLER] <function create_numbers_conversion_task at 0x0438D970>
2020-07-21 14:41:28,821 - DEBUG - [DESCRIPTION] Convert 0b1100110011000010110011 to decimal [CORRECT_ANSWER] 3354803
2020-07-21 14:41:28,821 - DEBUG - [NEW_TASKS_DATA_CREATED]

2020-07-21 14:42:34,028 - DEBUG - 
[CATEGORY] numbers_conversion

2020-07-21 14:42:34,108 - DEBUG - [RANDOM_TASK] Number to hexadecimal
2020-07-21 14:42:34,108 - DEBUG - [TASK_HANDLER] <function create_numbers_conversion_task at 0x0438D970>
2020-07-21 14:42:34,108 - DEBUG - [DESCRIPTION] Convert 12058554 to hexadecimal [CORRECT_ANSWER] 0xb7ffba
2020-07-21 14:42:34,108 - DEBUG - [NEW_TASKS_DATA_CREATED]

2020-07-21 15:11:32,724 - DEBUG - 
[CATEGORY] 

2020-07-21 15:12:06,686 - DEBUG - 
[CATEGORY] numbers_conversion

2020-07-21 15:12:06,767 - DEBUG - [RANDOM_TASK] Number to hexadecimal
2020-07-21 15:12:06,767 - DEBUG - [TASK_HANDLER] <function create_numbers_conversion_task at 0x045CDA48>
2020-07-21 15:12:06,768 - DEBUG - [DESCRIPTION] Convert 7111677 to hexadecimal [CORRECT_ANSWER] 0x6c83fd
2020-07-21 15:12:06,768 - DEBUG - [NEW_TASKS_DATA_CREATED]

2020-07-21 15:13:26,310 - DEBUG - 
[CATEGORY] numbers_conversion

2020-07-21 15:13:26,380 - DEBUG - [RANDOM_TASK] Number to binary
2020-07-21 15:13:26,380 - DEBUG - [TASK_HANDLER] <function create_numbers_conversion_task at 0x045CDA48>
2020-07-21 15:13:26,381 - DEBUG - [DESCRIPTION] Convert 0x3142c1 to binary [CORRECT_ANSWER] 0b1100010100001011000001
2020-07-21 15:13:26,381 - DEBUG - [NEW_TASKS_DATA_CREATED]

2020-07-21 15:13:31,855 - DEBUG - 
[CATEGORY] bit_arithmetic

2020-07-21 15:13:48,550 - DEBUG - 
[CATEGORY] bit_arithmetic

2020-07-21 15:13:48,620 - DEBUG - [RANDOM_TASK] X << Y
2020-07-21 15:13:48,620 - DEBUG - [TASK_HANDLER] <function create_bit_arithmetic_task at 0x045CD970>
2020-07-21 15:13:48,620 - DEBUG - [DESCRIPTION] What is 0b10010110 << 6 equal to? [CORRECT_ANSWER] 9600
2020-07-21 15:13:48,621 - DEBUG - [NEW_TASKS_DATA_CREATED]

2020-07-21 15:14:19,801 - DEBUG - 
[CATEGORY] bit_arithmetic

2020-07-21 15:14:19,982 - DEBUG - [RANDOM_TASK] X >> Y
2020-07-21 15:14:19,982 - DEBUG - [TASK_HANDLER] <function create_bit_arithmetic_task at 0x045CD970>
2020-07-21 15:14:19,982 - DEBUG - [DESCRIPTION] What is 166 >> 7 equal to? [CORRECT_ANSWER] 1
2020-07-21 15:14:19,982 - DEBUG - [NEW_TASKS_DATA_CREATED]

2020-07-21 15:14:28,624 - DEBUG - 
[CATEGORY] numbers_conversion

2020-07-21 15:14:28,694 - DEBUG - [RANDOM_TASK] Number to hexadecimal
2020-07-21 15:14:28,694 - DEBUG - [TASK_HANDLER] <function create_numbers_conversion_task at 0x045CDA48>
2020-07-21 15:14:28,694 - DEBUG - [DESCRIPTION] Convert 15230738 to hexadecimal [CORRECT_ANSWER] 0xe86712
2020-07-21 15:14:28,695 - DEBUG - [NEW_TASKS_DATA_CREATED]

2020-07-21 15:14:33,549 - DEBUG - 
[CATEGORY] bit_arithmetic

2020-07-21 15:14:33,622 - DEBUG - [RANDOM_TASK] ~X
2020-07-21 15:14:33,623 - DEBUG - [TASK_HANDLER] <function create_bit_arithmetic_task at 0x045CD970>
2020-07-21 15:14:33,623 - DEBUG - [DESCRIPTION] What is ~ 183 equal to? [CORRECT_ANSWER] -184
2020-07-21 15:14:33,623 - DEBUG - [NEW_TASKS_DATA_CREATED]

2020-07-21 15:16:57,099 - DEBUG - 
[CATEGORY] numbers_conversion

2020-07-21 15:16:57,182 - DEBUG - [RANDOM_TASK] Number to binary
2020-07-21 15:16:57,182 - DEBUG - [TASK_HANDLER] <function create_numbers_conversion_task at 0x045CDA48>
2020-07-21 15:16:57,182 - DEBUG - [DESCRIPTION] Convert 8486452 to binary [CORRECT_ANSWER] 0b100000010111111000110100
2020-07-21 15:16:57,183 - DEBUG - [NEW_TASKS_DATA_CREATED]

2020-07-21 15:41:31,069 - DEBUG - 
[CATEGORY] numbers_conversion

2020-07-21 15:41:31,144 - DEBUG - [RANDOM_TASK] Number to hexadecimal
2020-07-21 15:41:31,144 - DEBUG - [TASK_HANDLER] <function create_numbers_conversion_task at 0x045CDA48>
2020-07-21 15:41:31,145 - DEBUG - [DESCRIPTION] Convert 7137855 to hexadecimal [CORRECT_ANSWER] 0x6cea3f
2020-07-21 15:41:31,145 - DEBUG - [NEW_TASKS_DATA_CREATED]

2020-07-21 16:08:29,942 - DEBUG - 
[CATEGORY] numbers_conversion

2020-07-21 16:08:30,020 - DEBUG - [RANDOM_TASK] Number to decimal
2020-07-21 16:08:30,020 - DEBUG - [TASK_HANDLER] <function create_numbers_conversion_task at 0x049AD970>
2020-07-21 16:08:30,021 - DEBUG - [DESCRIPTION] Convert 0b10101000011101000000101 to decimal [CORRECT_ANSWER] 5519877
2020-07-21 16:08:30,021 - DEBUG - [NEW_TASKS_DATA_CREATED]

2020-07-21 16:13:20,065 - DEBUG - 
[CATEGORY] numbers_conversion

2020-07-21 16:13:20,227 - DEBUG - [RANDOM_TASK] Number to hexadecimal
2020-07-21 16:13:20,227 - DEBUG - [TASK_HANDLER] <function create_numbers_conversion_task at 0x049AD970>
2020-07-21 16:13:20,227 - DEBUG - [DESCRIPTION] Convert 0b10000011100100 to hexadecimal [CORRECT_ANSWER] 0x20e4
2020-07-21 16:13:20,227 - DEBUG - [NEW_TASKS_DATA_CREATED]

2020-07-21 16:54:33,518 - DEBUG - 
[CATEGORY] 

2020-07-21 16:54:42,013 - DEBUG - 
[CATEGORY] 

2020-07-21 16:54:57,419 - DEBUG - 
[CATEGORY] 

2020-07-21 16:56:20,122 - DEBUG - 
[CATEGORY] numbers_conversion

2020-07-21 16:56:20,228 - DEBUG - [RANDOM_TASK] Number to binary
2020-07-21 16:56:20,228 - DEBUG - [TASK_HANDLER] <function create_numbers_conversion_task at 0x049AD970>
2020-07-21 16:56:20,229 - DEBUG - [DESCRIPTION] Convert 0xcb to binary [CORRECT_ANSWER] 0b11001011
2020-07-21 16:56:20,229 - DEBUG - [NEW_TASKS_DATA_CREATED]

2020-07-21 17:10:18,156 - DEBUG - 
[CATEGORY] numbers_conversion

2020-07-21 17:10:18,266 - DEBUG - [RANDOM_TASK] Number to binary
2020-07-21 17:10:18,266 - DEBUG - [TASK_HANDLER] <function create_numbers_conversion_task at 0x049AD970>
2020-07-21 17:10:18,266 - DEBUG - [DESCRIPTION] Convert 0xd2 to binary [CORRECT_ANSWER] 0b11010010
2020-07-21 17:10:18,267 - DEBUG - [NEW_TASKS_DATA_CREATED]

2020-07-21 17:14:24,314 - DEBUG - 
[CATEGORY] numbers_conversion

2020-07-21 17:14:24,506 - DEBUG - [RANDOM_TASK] Number to hexadecimal
2020-07-21 17:14:24,507 - DEBUG - [TASK_HANDLER] <function create_numbers_conversion_task at 0x049AD970>
2020-07-21 17:14:24,507 - DEBUG - [DESCRIPTION] Convert 0b11101100 to hexadecimal [CORRECT_ANSWER] 0xec
2020-07-21 17:14:24,507 - DEBUG - [NEW_TASKS_DATA_CREATED]

2020-07-21 18:07:00,783 - DEBUG - 
[CATEGORY] numbers_conversion

2020-07-21 18:07:00,916 - DEBUG - [RANDOM_TASK] Number to binary
2020-07-21 18:07:00,916 - DEBUG - [TASK_HANDLER] <function create_numbers_conversion_task at 0x049AD970>
2020-07-21 18:07:00,917 - DEBUG - [DESCRIPTION] Convert 0xd4 to binary [CORRECT_ANSWER] 0b11010100
2020-07-21 18:07:00,917 - DEBUG - [NEW_TASKS_DATA_CREATED]

2020-07-21 18:09:11,478 - DEBUG - 
[CATEGORY] numbers_conversion

2020-07-21 18:09:11,573 - DEBUG - [RANDOM_TASK] Number to decimal
2020-07-21 18:09:11,574 - DEBUG - [TASK_HANDLER] <function create_numbers_conversion_task at 0x049AD970>
2020-07-21 18:09:11,574 - DEBUG - [DESCRIPTION] Convert 0x4e to decimal [CORRECT_ANSWER] 78
2020-07-21 18:09:11,574 - DEBUG - [NEW_TASKS_DATA_CREATED]

2020-07-21 18:29:03,746 - DEBUG - 
[CATEGORY] numbers_conversion

2020-07-21 18:29:03,841 - DEBUG - [RANDOM_TASK] Number to decimal
2020-07-21 18:29:03,841 - DEBUG - [TASK_HANDLER] <function create_numbers_conversion_task at 0x049AD970>
2020-07-21 18:29:03,841 - DEBUG - [DESCRIPTION] Convert 0b1001101011101010100110001100011011100110 to decimal [CORRECT_ANSWER] 665360844518
2020-07-21 18:29:03,841 - DEBUG - [NEW_TASKS_DATA_CREATED]

2020-07-21 18:29:11,413 - DEBUG - 
[CATEGORY] numbers_conversion

2020-07-21 18:29:11,515 - DEBUG - [RANDOM_TASK] Number to decimal
2020-07-21 18:29:11,515 - DEBUG - [TASK_HANDLER] <function create_numbers_conversion_task at 0x049AD970>
2020-07-21 18:29:11,516 - DEBUG - [DESCRIPTION] Convert 0b11010100 to decimal [CORRECT_ANSWER] 212
2020-07-21 18:29:11,516 - DEBUG - [NEW_TASKS_DATA_CREATED]

